{"C:\\Users\\Admin\\loan-approval-ai-system\\frontend\\src\\components\\agents\\AgentStepCard.tsx": {"path":"C:\\Users\\Admin\\loan-approval-ai-system\\frontend\\src\\components\\agents\\AgentStepCard.tsx","all":true,"statementMap":{"2":{"start":{"line":3,"column":0},"end":{"line":3,"column":32}},"3":{"start":{"line":4,"column":0},"end":{"line":4,"column":79}},"4":{"start":{"line":5,"column":0},"end":{"line":5,"column":45}},"6":{"start":{"line":7,"column":0},"end":{"line":7,"column":95}},"7":{"start":{"line":8,"column":0},"end":{"line":8,"column":66}},"13":{"start":{"line":14,"column":0},"end":{"line":14,"column":54}},"14":{"start":{"line":15,"column":0},"end":{"line":15,"column":19}},"15":{"start":{"line":16,"column":0},"end":{"line":16,"column":21}},"16":{"start":{"line":17,"column":0},"end":{"line":17,"column":135}},"17":{"start":{"line":18,"column":0},"end":{"line":18,"column":19}},"18":{"start":{"line":19,"column":0},"end":{"line":19,"column":140}},"19":{"start":{"line":20,"column":0},"end":{"line":20,"column":18}},"20":{"start":{"line":21,"column":0},"end":{"line":21,"column":124}},"21":{"start":{"line":22,"column":0},"end":{"line":22,"column":12}},"22":{"start":{"line":23,"column":0},"end":{"line":23,"column":126}},"23":{"start":{"line":24,"column":0},"end":{"line":24,"column":3}},"24":{"start":{"line":25,"column":0},"end":{"line":25,"column":1}},"26":{"start":{"line":27,"column":0},"end":{"line":27,"column":42}},"27":{"start":{"line":28,"column":0},"end":{"line":28,"column":27}},"28":{"start":{"line":29,"column":0},"end":{"line":29,"column":1}},"30":{"start":{"line":31,"column":0},"end":{"line":31,"column":86}},"31":{"start":{"line":32,"column":0},"end":{"line":32,"column":58}},"33":{"start":{"line":34,"column":0},"end":{"line":34,"column":64}},"34":{"start":{"line":35,"column":0},"end":{"line":35,"column":66}},"35":{"start":{"line":36,"column":0},"end":{"line":36,"column":64}},"36":{"start":{"line":37,"column":0},"end":{"line":37,"column":66}},"38":{"start":{"line":39,"column":0},"end":{"line":39,"column":86}},"40":{"start":{"line":41,"column":0},"end":{"line":41,"column":29}},"42":{"start":{"line":43,"column":0},"end":{"line":43,"column":10}},"43":{"start":{"line":44,"column":0},"end":{"line":44,"column":91}},"44":{"start":{"line":45,"column":0},"end":{"line":45,"column":31}},"45":{"start":{"line":46,"column":0},"end":{"line":46,"column":80}},"46":{"start":{"line":47,"column":0},"end":{"line":47,"column":79}},"47":{"start":{"line":48,"column":0},"end":{"line":48,"column":15}},"49":{"start":{"line":50,"column":0},"end":{"line":50,"column":54}},"50":{"start":{"line":51,"column":0},"end":{"line":51,"column":80}},"51":{"start":{"line":52,"column":0},"end":{"line":52,"column":82}},"52":{"start":{"line":53,"column":0},"end":{"line":53,"column":15}},"54":{"start":{"line":55,"column":0},"end":{"line":55,"column":55}},"55":{"start":{"line":56,"column":0},"end":{"line":56,"column":80}},"56":{"start":{"line":57,"column":0},"end":{"line":57,"column":84}},"57":{"start":{"line":58,"column":0},"end":{"line":58,"column":15}},"59":{"start":{"line":60,"column":0},"end":{"line":60,"column":78}},"60":{"start":{"line":61,"column":0},"end":{"line":61,"column":56}},"61":{"start":{"line":62,"column":0},"end":{"line":62,"column":77}},"62":{"start":{"line":63,"column":0},"end":{"line":63,"column":15}},"64":{"start":{"line":65,"column":0},"end":{"line":65,"column":27}},"65":{"start":{"line":66,"column":0},"end":{"line":66,"column":80}},"66":{"start":{"line":67,"column":0},"end":{"line":67,"column":51}},"67":{"start":{"line":68,"column":0},"end":{"line":68,"column":79}},"68":{"start":{"line":69,"column":0},"end":{"line":69,"column":15}},"70":{"start":{"line":71,"column":0},"end":{"line":71,"column":10}},"72":{"start":{"line":73,"column":0},"end":{"line":73,"column":1}},"74":{"start":{"line":75,"column":0},"end":{"line":75,"column":114}},"75":{"start":{"line":76,"column":0},"end":{"line":76,"column":58}},"76":{"start":{"line":77,"column":0},"end":{"line":77,"column":77}},"78":{"start":{"line":79,"column":0},"end":{"line":79,"column":61}},"79":{"start":{"line":80,"column":0},"end":{"line":80,"column":63}},"81":{"start":{"line":82,"column":0},"end":{"line":82,"column":53}},"83":{"start":{"line":84,"column":0},"end":{"line":84,"column":61}},"84":{"start":{"line":85,"column":0},"end":{"line":85,"column":57}},"86":{"start":{"line":87,"column":0},"end":{"line":87,"column":10}},"87":{"start":{"line":88,"column":0},"end":{"line":88,"column":81}},"88":{"start":{"line":89,"column":0},"end":{"line":89,"column":22}},"89":{"start":{"line":90,"column":0},"end":{"line":90,"column":14}},"90":{"start":{"line":91,"column":0},"end":{"line":91,"column":27}},"91":{"start":{"line":92,"column":0},"end":{"line":92,"column":21}},"92":{"start":{"line":93,"column":0},"end":{"line":93,"column":22}},"93":{"start":{"line":94,"column":0},"end":{"line":94,"column":68}},"94":{"start":{"line":95,"column":0},"end":{"line":95,"column":24}},"95":{"start":{"line":96,"column":0},"end":{"line":96,"column":62}},"96":{"start":{"line":97,"column":0},"end":{"line":97,"column":71}},"99":{"start":{"line":100,"column":0},"end":{"line":100,"column":68}},"100":{"start":{"line":101,"column":0},"end":{"line":101,"column":16}},"102":{"start":{"line":103,"column":0},"end":{"line":103,"column":31}},"103":{"start":{"line":104,"column":0},"end":{"line":104,"column":56}},"104":{"start":{"line":105,"column":0},"end":{"line":105,"column":111}},"105":{"start":{"line":106,"column":0},"end":{"line":106,"column":15}},"107":{"start":{"line":108,"column":0},"end":{"line":108,"column":10}},"109":{"start":{"line":110,"column":0},"end":{"line":110,"column":1}},"111":{"start":{"line":112,"column":0},"end":{"line":112,"column":61}},"112":{"start":{"line":113,"column":0},"end":{"line":113,"column":49}},"114":{"start":{"line":115,"column":0},"end":{"line":115,"column":55}},"115":{"start":{"line":116,"column":0},"end":{"line":116,"column":109}},"116":{"start":{"line":117,"column":0},"end":{"line":117,"column":10}},"118":{"start":{"line":119,"column":0},"end":{"line":119,"column":63}},"120":{"start":{"line":121,"column":0},"end":{"line":121,"column":10}},"121":{"start":{"line":122,"column":0},"end":{"line":122,"column":10}},"122":{"start":{"line":123,"column":0},"end":{"line":123,"column":17}},"123":{"start":{"line":124,"column":0},"end":{"line":124,"column":39}},"124":{"start":{"line":125,"column":0},"end":{"line":125,"column":21}},"125":{"start":{"line":126,"column":0},"end":{"line":126,"column":20}},"126":{"start":{"line":127,"column":0},"end":{"line":127,"column":46}},"127":{"start":{"line":128,"column":0},"end":{"line":128,"column":48}},"128":{"start":{"line":129,"column":0},"end":{"line":129,"column":51}},"129":{"start":{"line":130,"column":0},"end":{"line":130,"column":30}},"130":{"start":{"line":131,"column":0},"end":{"line":131,"column":34}},"131":{"start":{"line":132,"column":0},"end":{"line":132,"column":11}},"132":{"start":{"line":133,"column":0},"end":{"line":133,"column":10}},"133":{"start":{"line":134,"column":0},"end":{"line":134,"column":32}},"135":{"start":{"line":136,"column":0},"end":{"line":136,"column":59}},"136":{"start":{"line":137,"column":0},"end":{"line":137,"column":51}},"137":{"start":{"line":138,"column":0},"end":{"line":138,"column":99}},"138":{"start":{"line":139,"column":0},"end":{"line":139,"column":87}},"139":{"start":{"line":140,"column":0},"end":{"line":140,"column":16}},"140":{"start":{"line":141,"column":0},"end":{"line":141,"column":51}},"141":{"start":{"line":142,"column":0},"end":{"line":142,"column":91}},"142":{"start":{"line":143,"column":0},"end":{"line":143,"column":41}},"143":{"start":{"line":144,"column":0},"end":{"line":144,"column":16}},"144":{"start":{"line":145,"column":0},"end":{"line":145,"column":14}},"145":{"start":{"line":146,"column":0},"end":{"line":146,"column":19}},"146":{"start":{"line":147,"column":0},"end":{"line":147,"column":20}},"147":{"start":{"line":148,"column":0},"end":{"line":148,"column":38}},"148":{"start":{"line":149,"column":0},"end":{"line":149,"column":38}},"149":{"start":{"line":150,"column":0},"end":{"line":150,"column":67}},"150":{"start":{"line":151,"column":0},"end":{"line":151,"column":91}},"152":{"start":{"line":153,"column":0},"end":{"line":153,"column":84}},"153":{"start":{"line":154,"column":0},"end":{"line":154,"column":57}},"154":{"start":{"line":155,"column":0},"end":{"line":155,"column":55}},"155":{"start":{"line":156,"column":0},"end":{"line":156,"column":74}},"156":{"start":{"line":157,"column":0},"end":{"line":157,"column":58}},"157":{"start":{"line":158,"column":0},"end":{"line":158,"column":24}},"158":{"start":{"line":159,"column":0},"end":{"line":159,"column":19}},"159":{"start":{"line":160,"column":0},"end":{"line":160,"column":20}},"161":{"start":{"line":162,"column":0},"end":{"line":162,"column":19}},"162":{"start":{"line":163,"column":0},"end":{"line":163,"column":26}},"163":{"start":{"line":164,"column":0},"end":{"line":164,"column":62}},"164":{"start":{"line":165,"column":0},"end":{"line":165,"column":70}},"165":{"start":{"line":166,"column":0},"end":{"line":166,"column":18}},"167":{"start":{"line":168,"column":0},"end":{"line":168,"column":56}},"168":{"start":{"line":169,"column":0},"end":{"line":169,"column":81}},"170":{"start":{"line":171,"column":0},"end":{"line":171,"column":61}},"171":{"start":{"line":172,"column":0},"end":{"line":172,"column":87}},"172":{"start":{"line":173,"column":0},"end":{"line":173,"column":22}},"174":{"start":{"line":175,"column":0},"end":{"line":175,"column":11}},"176":{"start":{"line":177,"column":0},"end":{"line":177,"column":1}}},"s":{"2":0,"3":0,"4":0,"6":0,"7":0,"13":0,"14":0,"15":0,"16":0,"17":0,"18":0,"19":0,"20":0,"21":0,"22":0,"23":0,"24":0,"26":0,"27":0,"28":0,"30":0,"31":0,"33":0,"34":0,"35":0,"36":0,"38":0,"40":0,"42":0,"43":0,"44":0,"45":0,"46":0,"47":0,"49":0,"50":0,"51":0,"52":0,"54":0,"55":0,"56":0,"57":0,"59":0,"60":0,"61":0,"62":0,"64":0,"65":0,"66":0,"67":0,"68":0,"70":0,"72":0,"74":0,"75":0,"76":0,"78":0,"79":0,"81":0,"83":0,"84":0,"86":0,"87":0,"88":0,"89":0,"90":0,"91":0,"92":0,"93":0,"94":0,"95":0,"96":0,"99":0,"100":0,"102":0,"103":0,"104":0,"105":0,"107":0,"109":0,"111":0,"112":0,"114":0,"115":0,"116":0,"118":0,"120":0,"121":0,"122":0,"123":0,"124":0,"125":0,"126":0,"127":0,"128":0,"129":0,"130":0,"131":0,"132":0,"133":0,"135":0,"136":0,"137":0,"138":0,"139":0,"140":0,"141":0,"142":0,"143":0,"144":0,"145":0,"146":0,"147":0,"148":0,"149":0,"150":0,"152":0,"153":0,"154":0,"155":0,"156":0,"157":0,"158":0,"159":0,"161":0,"162":0,"163":0,"164":0,"165":0,"167":0,"168":0,"170":0,"171":0,"172":0,"174":0,"176":0},"branchMap":{"0":{"type":"branch","line":1,"loc":{"start":{"line":1,"column":7142},"end":{"line":177,"column":1}},"locations":[{"start":{"line":1,"column":7142},"end":{"line":177,"column":1}}]}},"b":{"0":[1]},"fnMap":{"0":{"name":"(empty-report)","decl":{"start":{"line":1,"column":7142},"end":{"line":177,"column":1}},"loc":{"start":{"line":1,"column":7142},"end":{"line":177,"column":1}},"line":1}},"f":{"0":1}}
,"C:\\Users\\Admin\\loan-approval-ai-system\\frontend\\src\\components\\agents\\MarketingEmailCard.tsx": {"path":"C:\\Users\\Admin\\loan-approval-ai-system\\frontend\\src\\components\\agents\\MarketingEmailCard.tsx","all":false,"statementMap":{"2":{"start":{"line":3,"column":0},"end":{"line":3,"column":96}},"3":{"start":{"line":4,"column":0},"end":{"line":4,"column":45}},"5":{"start":{"line":6,"column":0},"end":{"line":6,"column":79}},"6":{"start":{"line":7,"column":0},"end":{"line":7,"column":77}},"7":{"start":{"line":8,"column":0},"end":{"line":8,"column":69}},"13":{"start":{"line":14,"column":0},"end":{"line":14,"column":72}},"14":{"start":{"line":15,"column":0},"end":{"line":15,"column":10}},"15":{"start":{"line":16,"column":0},"end":{"line":16,"column":10}},"16":{"start":{"line":17,"column":0},"end":{"line":17,"column":18}},"17":{"start":{"line":18,"column":0},"end":{"line":18,"column":65}},"18":{"start":{"line":19,"column":0},"end":{"line":19,"column":54}},"20":{"start":{"line":21,"column":0},"end":{"line":21,"column":38}},"21":{"start":{"line":22,"column":0},"end":{"line":22,"column":98}},"22":{"start":{"line":23,"column":0},"end":{"line":23,"column":54}},"24":{"start":{"line":25,"column":0},"end":{"line":25,"column":20}},"26":{"start":{"line":27,"column":0},"end":{"line":27,"column":92}},"27":{"start":{"line":28,"column":0},"end":{"line":28,"column":54}},"29":{"start":{"line":30,"column":0},"end":{"line":30,"column":20}},"31":{"start":{"line":32,"column":0},"end":{"line":32,"column":20}},"32":{"start":{"line":33,"column":0},"end":{"line":33,"column":69}},"33":{"start":{"line":34,"column":0},"end":{"line":34,"column":52}},"34":{"start":{"line":35,"column":0},"end":{"line":35,"column":41}},"35":{"start":{"line":36,"column":0},"end":{"line":36,"column":97}},"36":{"start":{"line":37,"column":0},"end":{"line":37,"column":17}},"37":{"start":{"line":38,"column":0},"end":{"line":38,"column":40}},"38":{"start":{"line":39,"column":0},"end":{"line":39,"column":54}},"39":{"start":{"line":40,"column":0},"end":{"line":40,"column":47}},"40":{"start":{"line":41,"column":0},"end":{"line":41,"column":45}},"41":{"start":{"line":42,"column":0},"end":{"line":42,"column":19}},"43":{"start":{"line":44,"column":0},"end":{"line":44,"column":26}},"44":{"start":{"line":45,"column":0},"end":{"line":45,"column":19}},"45":{"start":{"line":46,"column":0},"end":{"line":46,"column":41}},"47":{"start":{"line":48,"column":0},"end":{"line":48,"column":63}},"48":{"start":{"line":49,"column":0},"end":{"line":49,"column":67}},"49":{"start":{"line":50,"column":0},"end":{"line":50,"column":61}},"50":{"start":{"line":51,"column":0},"end":{"line":51,"column":81}},"51":{"start":{"line":52,"column":0},"end":{"line":52,"column":84}},"52":{"start":{"line":53,"column":0},"end":{"line":53,"column":18}},"53":{"start":{"line":54,"column":0},"end":{"line":54,"column":88}},"54":{"start":{"line":55,"column":0},"end":{"line":55,"column":105}},"55":{"start":{"line":56,"column":0},"end":{"line":56,"column":18}},"56":{"start":{"line":57,"column":0},"end":{"line":57,"column":16}},"57":{"start":{"line":58,"column":0},"end":{"line":58,"column":90}},"58":{"start":{"line":59,"column":0},"end":{"line":59,"column":52}},"59":{"start":{"line":60,"column":0},"end":{"line":60,"column":16}},"60":{"start":{"line":61,"column":0},"end":{"line":61,"column":14}},"63":{"start":{"line":64,"column":0},"end":{"line":64,"column":75}},"64":{"start":{"line":65,"column":0},"end":{"line":65,"column":66}},"66":{"start":{"line":67,"column":0},"end":{"line":67,"column":20}},"67":{"start":{"line":68,"column":0},"end":{"line":68,"column":11}},"69":{"start":{"line":70,"column":0},"end":{"line":70,"column":1}}},"s":{"2":1,"3":1,"5":1,"6":1,"7":1,"13":1,"14":0,"15":0,"16":0,"17":0,"18":0,"20":0,"21":0,"22":0,"24":0,"26":0,"27":0,"29":0,"31":0,"32":0,"33":0,"34":0,"35":0,"36":0,"37":0,"38":0,"39":0,"40":0,"41":0,"43":0,"44":0,"45":0,"47":0,"48":0,"49":0,"50":0,"51":0,"52":0,"53":0,"54":0,"55":0,"56":0,"57":0,"58":0,"59":0,"60":0,"63":0,"64":0,"66":0,"67":0,"69":0},"branchMap":{},"b":{},"fnMap":{"0":{"name":"MarketingEmailCard","decl":{"start":{"line":14,"column":7},"end":{"line":70,"column":1}},"loc":{"start":{"line":14,"column":7},"end":{"line":70,"column":1}},"line":14}},"f":{"0":0}}
,"C:\\Users\\Admin\\loan-approval-ai-system\\frontend\\src\\components\\agents\\NextBestOfferCard.tsx": {"path":"C:\\Users\\Admin\\loan-approval-ai-system\\frontend\\src\\components\\agents\\NextBestOfferCard.tsx","all":false,"statementMap":{"2":{"start":{"line":3,"column":0},"end":{"line":3,"column":96}},"4":{"start":{"line":5,"column":0},"end":{"line":5,"column":44}},"5":{"start":{"line":6,"column":0},"end":{"line":6,"column":52}},"11":{"start":{"line":12,"column":0},"end":{"line":12,"column":55}},"12":{"start":{"line":13,"column":0},"end":{"line":13,"column":37}},"13":{"start":{"line":14,"column":0},"end":{"line":14,"column":15}},"14":{"start":{"line":15,"column":0},"end":{"line":15,"column":65}},"15":{"start":{"line":16,"column":0},"end":{"line":16,"column":61}},"16":{"start":{"line":17,"column":0},"end":{"line":17,"column":49}},"18":{"start":{"line":19,"column":0},"end":{"line":19,"column":10}},"19":{"start":{"line":20,"column":0},"end":{"line":20,"column":129}},"20":{"start":{"line":21,"column":0},"end":{"line":21,"column":40}},"21":{"start":{"line":22,"column":0},"end":{"line":22,"column":18}},"22":{"start":{"line":23,"column":0},"end":{"line":23,"column":11}},"24":{"start":{"line":25,"column":0},"end":{"line":25,"column":1}},"26":{"start":{"line":27,"column":0},"end":{"line":27,"column":72}},"27":{"start":{"line":28,"column":0},"end":{"line":28,"column":10}},"28":{"start":{"line":29,"column":0},"end":{"line":29,"column":116}},"29":{"start":{"line":30,"column":0},"end":{"line":30,"column":92}},"30":{"start":{"line":31,"column":0},"end":{"line":31,"column":71}},"31":{"start":{"line":32,"column":0},"end":{"line":32,"column":10}},"33":{"start":{"line":34,"column":0},"end":{"line":34,"column":1}},"35":{"start":{"line":36,"column":0},"end":{"line":36,"column":70}},"36":{"start":{"line":37,"column":0},"end":{"line":37,"column":10}},"37":{"start":{"line":38,"column":0},"end":{"line":38,"column":10}},"38":{"start":{"line":39,"column":0},"end":{"line":39,"column":35}},"39":{"start":{"line":40,"column":0},"end":{"line":40,"column":65}},"40":{"start":{"line":41,"column":0},"end":{"line":41,"column":116}},"41":{"start":{"line":42,"column":0},"end":{"line":42,"column":60}},"42":{"start":{"line":43,"column":0},"end":{"line":43,"column":16}},"44":{"start":{"line":45,"column":0},"end":{"line":45,"column":20}},"45":{"start":{"line":46,"column":0},"end":{"line":46,"column":28}},"46":{"start":{"line":47,"column":0},"end":{"line":47,"column":89}},"48":{"start":{"line":49,"column":0},"end":{"line":49,"column":19}},"49":{"start":{"line":50,"column":0},"end":{"line":50,"column":19}},"51":{"start":{"line":52,"column":0},"end":{"line":52,"column":80}},"52":{"start":{"line":53,"column":0},"end":{"line":53,"column":45}},"53":{"start":{"line":54,"column":0},"end":{"line":54,"column":16}},"54":{"start":{"line":55,"column":0},"end":{"line":55,"column":25}},"55":{"start":{"line":56,"column":0},"end":{"line":56,"column":217}},"58":{"start":{"line":59,"column":0},"end":{"line":59,"column":79}},"59":{"start":{"line":60,"column":0},"end":{"line":60,"column":78}},"60":{"start":{"line":61,"column":0},"end":{"line":61,"column":50}},"61":{"start":{"line":62,"column":0},"end":{"line":62,"column":21}},"62":{"start":{"line":63,"column":0},"end":{"line":63,"column":51}},"63":{"start":{"line":64,"column":0},"end":{"line":64,"column":66}},"65":{"start":{"line":66,"column":0},"end":{"line":66,"column":20}},"68":{"start":{"line":69,"column":0},"end":{"line":69,"column":48}},"69":{"start":{"line":70,"column":0},"end":{"line":70,"column":40}},"70":{"start":{"line":71,"column":0},"end":{"line":71,"column":81}},"72":{"start":{"line":73,"column":0},"end":{"line":73,"column":45}},"73":{"start":{"line":74,"column":0},"end":{"line":74,"column":80}},"75":{"start":{"line":76,"column":0},"end":{"line":76,"column":48}},"76":{"start":{"line":77,"column":0},"end":{"line":77,"column":106}},"78":{"start":{"line":79,"column":0},"end":{"line":79,"column":51}},"79":{"start":{"line":80,"column":0},"end":{"line":80,"column":101}},"81":{"start":{"line":82,"column":0},"end":{"line":82,"column":55}},"82":{"start":{"line":83,"column":0},"end":{"line":83,"column":109}},"84":{"start":{"line":85,"column":0},"end":{"line":85,"column":20}},"87":{"start":{"line":88,"column":0},"end":{"line":88,"column":74}},"88":{"start":{"line":89,"column":0},"end":{"line":89,"column":90}},"89":{"start":{"line":90,"column":0},"end":{"line":90,"column":33}},"90":{"start":{"line":91,"column":0},"end":{"line":91,"column":20}},"91":{"start":{"line":92,"column":0},"end":{"line":92,"column":20}},"92":{"start":{"line":93,"column":0},"end":{"line":93,"column":18}},"93":{"start":{"line":94,"column":0},"end":{"line":94,"column":13}},"94":{"start":{"line":95,"column":0},"end":{"line":95,"column":14}},"96":{"start":{"line":97,"column":0},"end":{"line":97,"column":20}},"97":{"start":{"line":98,"column":0},"end":{"line":98,"column":11}},"99":{"start":{"line":100,"column":0},"end":{"line":100,"column":1}}},"s":{"2":1,"4":1,"5":1,"11":0,"12":0,"13":0,"14":0,"15":0,"16":0,"18":0,"19":0,"20":0,"21":0,"22":0,"24":0,"26":0,"27":0,"28":0,"29":0,"30":0,"31":0,"33":0,"35":1,"36":0,"37":0,"38":0,"39":0,"40":0,"41":0,"42":0,"44":0,"45":0,"46":0,"48":0,"49":0,"51":0,"52":0,"53":0,"54":0,"55":0,"58":0,"59":0,"60":0,"61":0,"62":0,"63":0,"65":0,"68":0,"69":0,"70":0,"72":0,"73":0,"75":0,"76":0,"78":0,"79":0,"81":0,"82":0,"84":0,"87":0,"88":0,"89":0,"90":0,"91":0,"92":0,"93":0,"94":0,"96":0,"97":0,"99":0},"branchMap":{},"b":{},"fnMap":{"0":{"name":"MatchIndicator","decl":{"start":{"line":12,"column":0},"end":{"line":25,"column":1}},"loc":{"start":{"line":12,"column":0},"end":{"line":25,"column":1}},"line":12},"1":{"name":"DetailRow","decl":{"start":{"line":27,"column":0},"end":{"line":34,"column":1}},"loc":{"start":{"line":27,"column":0},"end":{"line":34,"column":1}},"line":27},"2":{"name":"NextBestOfferCard","decl":{"start":{"line":36,"column":7},"end":{"line":100,"column":1}},"loc":{"start":{"line":36,"column":7},"end":{"line":100,"column":1}},"line":36}},"f":{"0":0,"1":0,"2":0}}
,"C:\\Users\\Admin\\loan-approval-ai-system\\frontend\\src\\components\\agents\\PipelineSummaryBar.tsx": {"path":"C:\\Users\\Admin\\loan-approval-ai-system\\frontend\\src\\components\\agents\\PipelineSummaryBar.tsx","all":true,"statementMap":{"2":{"start":{"line":3,"column":0},"end":{"line":3,"column":32}},"4":{"start":{"line":5,"column":0},"end":{"line":5,"column":45}},"10":{"start":{"line":11,"column":0},"end":{"line":11,"column":60}},"11":{"start":{"line":12,"column":0},"end":{"line":12,"column":57}},"12":{"start":{"line":13,"column":0},"end":{"line":13,"column":84}},"13":{"start":{"line":14,"column":0},"end":{"line":14,"column":1}},"15":{"start":{"line":16,"column":0},"end":{"line":16,"column":45}},"16":{"start":{"line":17,"column":0},"end":{"line":17,"column":33}},"17":{"start":{"line":18,"column":0},"end":{"line":18,"column":37}},"18":{"start":{"line":19,"column":0},"end":{"line":19,"column":1}},"20":{"start":{"line":21,"column":0},"end":{"line":21,"column":62}},"21":{"start":{"line":22,"column":0},"end":{"line":22,"column":19}},"22":{"start":{"line":23,"column":0},"end":{"line":23,"column":21}},"23":{"start":{"line":24,"column":0},"end":{"line":24,"column":22}},"24":{"start":{"line":25,"column":0},"end":{"line":25,"column":18}},"25":{"start":{"line":26,"column":0},"end":{"line":26,"column":22}},"26":{"start":{"line":27,"column":0},"end":{"line":27,"column":19}},"27":{"start":{"line":28,"column":0},"end":{"line":28,"column":22}},"28":{"start":{"line":29,"column":0},"end":{"line":29,"column":12}},"29":{"start":{"line":30,"column":0},"end":{"line":30,"column":22}},"30":{"start":{"line":31,"column":0},"end":{"line":31,"column":3}},"31":{"start":{"line":32,"column":0},"end":{"line":32,"column":1}},"33":{"start":{"line":34,"column":0},"end":{"line":34,"column":72}},"34":{"start":{"line":35,"column":0},"end":{"line":35,"column":71}},"36":{"start":{"line":37,"column":0},"end":{"line":37,"column":37}},"38":{"start":{"line":39,"column":0},"end":{"line":39,"column":64}},"39":{"start":{"line":40,"column":0},"end":{"line":40,"column":54}},"40":{"start":{"line":41,"column":0},"end":{"line":41,"column":73}},"42":{"start":{"line":43,"column":0},"end":{"line":43,"column":10}},"43":{"start":{"line":44,"column":0},"end":{"line":44,"column":26}},"44":{"start":{"line":45,"column":0},"end":{"line":45,"column":47}},"45":{"start":{"line":46,"column":0},"end":{"line":46,"column":82}},"46":{"start":{"line":47,"column":0},"end":{"line":47,"column":35}},"47":{"start":{"line":48,"column":0},"end":{"line":48,"column":43}},"48":{"start":{"line":49,"column":0},"end":{"line":49,"column":77}},"49":{"start":{"line":50,"column":0},"end":{"line":50,"column":57}},"50":{"start":{"line":51,"column":0},"end":{"line":51,"column":34}},"52":{"start":{"line":53,"column":0},"end":{"line":53,"column":20}},"53":{"start":{"line":54,"column":0},"end":{"line":54,"column":18}},"54":{"start":{"line":55,"column":0},"end":{"line":55,"column":23}},"55":{"start":{"line":56,"column":0},"end":{"line":56,"column":75}},"56":{"start":{"line":57,"column":0},"end":{"line":57,"column":24}},"57":{"start":{"line":58,"column":0},"end":{"line":58,"column":40}},"58":{"start":{"line":59,"column":0},"end":{"line":59,"column":63}},"59":{"start":{"line":60,"column":0},"end":{"line":60,"column":81}},"60":{"start":{"line":61,"column":0},"end":{"line":61,"column":18}},"61":{"start":{"line":62,"column":0},"end":{"line":62,"column":55}},"62":{"start":{"line":63,"column":0},"end":{"line":63,"column":58}},"64":{"start":{"line":65,"column":0},"end":{"line":65,"column":40}},"65":{"start":{"line":66,"column":0},"end":{"line":66,"column":207}},"66":{"start":{"line":67,"column":0},"end":{"line":67,"column":83}},"67":{"start":{"line":68,"column":0},"end":{"line":68,"column":57}},"68":{"start":{"line":69,"column":0},"end":{"line":69,"column":91}},"69":{"start":{"line":70,"column":0},"end":{"line":70,"column":24}},"70":{"start":{"line":71,"column":0},"end":{"line":71,"column":24}},"72":{"start":{"line":73,"column":0},"end":{"line":73,"column":20}},"74":{"start":{"line":75,"column":0},"end":{"line":75,"column":13}},"75":{"start":{"line":76,"column":0},"end":{"line":76,"column":14}},"76":{"start":{"line":77,"column":0},"end":{"line":77,"column":39}},"77":{"start":{"line":78,"column":0},"end":{"line":78,"column":89}},"78":{"start":{"line":79,"column":0},"end":{"line":79,"column":37}},"79":{"start":{"line":80,"column":0},"end":{"line":80,"column":17}},"81":{"start":{"line":82,"column":0},"end":{"line":82,"column":12}},"82":{"start":{"line":83,"column":0},"end":{"line":83,"column":10}},"84":{"start":{"line":85,"column":0},"end":{"line":85,"column":1}}},"s":{"2":0,"4":0,"10":0,"11":0,"12":0,"13":0,"15":0,"16":0,"17":0,"18":0,"20":0,"21":0,"22":0,"23":0,"24":0,"25":0,"26":0,"27":0,"28":0,"29":0,"30":0,"31":0,"33":0,"34":0,"36":0,"38":0,"39":0,"40":0,"42":0,"43":0,"44":0,"45":0,"46":0,"47":0,"48":0,"49":0,"50":0,"52":0,"53":0,"54":0,"55":0,"56":0,"57":0,"58":0,"59":0,"60":0,"61":0,"62":0,"64":0,"65":0,"66":0,"67":0,"68":0,"69":0,"70":0,"72":0,"74":0,"75":0,"76":0,"77":0,"78":0,"79":0,"81":0,"82":0,"84":0},"branchMap":{"0":{"type":"branch","line":1,"loc":{"start":{"line":1,"column":2919},"end":{"line":85,"column":1}},"locations":[{"start":{"line":1,"column":2919},"end":{"line":85,"column":1}}]}},"b":{"0":[1]},"fnMap":{"0":{"name":"(empty-report)","decl":{"start":{"line":1,"column":2919},"end":{"line":85,"column":1}},"loc":{"start":{"line":1,"column":2919},"end":{"line":85,"column":1}},"line":1}},"f":{"0":1}}
,"C:\\Users\\Admin\\loan-approval-ai-system\\frontend\\src\\components\\agents\\StepLatencyChart.tsx": {"path":"C:\\Users\\Admin\\loan-approval-ai-system\\frontend\\src\\components\\agents\\StepLatencyChart.tsx","all":true,"statementMap":{"2":{"start":{"line":3,"column":0},"end":{"line":3,"column":90}},"3":{"start":{"line":4,"column":0},"end":{"line":4,"column":79}},"5":{"start":{"line":6,"column":0},"end":{"line":6,"column":45}},"11":{"start":{"line":12,"column":0},"end":{"line":12,"column":62}},"12":{"start":{"line":13,"column":0},"end":{"line":13,"column":19}},"13":{"start":{"line":14,"column":0},"end":{"line":14,"column":21}},"14":{"start":{"line":15,"column":0},"end":{"line":15,"column":22}},"15":{"start":{"line":16,"column":0},"end":{"line":16,"column":18}},"16":{"start":{"line":17,"column":0},"end":{"line":17,"column":22}},"17":{"start":{"line":18,"column":0},"end":{"line":18,"column":19}},"18":{"start":{"line":19,"column":0},"end":{"line":19,"column":22}},"19":{"start":{"line":20,"column":0},"end":{"line":20,"column":12}},"20":{"start":{"line":21,"column":0},"end":{"line":21,"column":22}},"21":{"start":{"line":22,"column":0},"end":{"line":22,"column":3}},"22":{"start":{"line":23,"column":0},"end":{"line":23,"column":1}},"24":{"start":{"line":25,"column":0},"end":{"line":25,"column":60}},"25":{"start":{"line":26,"column":0},"end":{"line":26,"column":57}},"26":{"start":{"line":27,"column":0},"end":{"line":27,"column":84}},"27":{"start":{"line":28,"column":0},"end":{"line":28,"column":1}},"29":{"start":{"line":30,"column":0},"end":{"line":30,"column":68}},"30":{"start":{"line":31,"column":0},"end":{"line":31,"column":35}},"32":{"start":{"line":33,"column":0},"end":{"line":33,"column":20}},"33":{"start":{"line":34,"column":0},"end":{"line":34,"column":20}},"34":{"start":{"line":35,"column":0},"end":{"line":35,"column":48}},"35":{"start":{"line":36,"column":0},"end":{"line":36,"column":42}},"36":{"start":{"line":37,"column":0},"end":{"line":37,"column":14}},"37":{"start":{"line":38,"column":0},"end":{"line":38,"column":45}},"38":{"start":{"line":39,"column":0},"end":{"line":39,"column":29}},"39":{"start":{"line":40,"column":0},"end":{"line":40,"column":28}},"40":{"start":{"line":41,"column":0},"end":{"line":41,"column":7}},"41":{"start":{"line":42,"column":0},"end":{"line":42,"column":6}},"42":{"start":{"line":43,"column":0},"end":{"line":43,"column":89}},"44":{"start":{"line":45,"column":0},"end":{"line":45,"column":34}},"46":{"start":{"line":47,"column":0},"end":{"line":47,"column":62}},"47":{"start":{"line":48,"column":0},"end":{"line":48,"column":40}},"49":{"start":{"line":50,"column":0},"end":{"line":50,"column":38}},"50":{"start":{"line":51,"column":0},"end":{"line":51,"column":9}},"51":{"start":{"line":52,"column":0},"end":{"line":52,"column":90}},"52":{"start":{"line":53,"column":0},"end":{"line":53,"column":5}},"54":{"start":{"line":55,"column":0},"end":{"line":55,"column":10}},"55":{"start":{"line":56,"column":0},"end":{"line":56,"column":10}},"56":{"start":{"line":57,"column":0},"end":{"line":57,"column":35}},"57":{"start":{"line":58,"column":0},"end":{"line":58,"column":65}},"58":{"start":{"line":59,"column":0},"end":{"line":59,"column":19}},"59":{"start":{"line":60,"column":0},"end":{"line":60,"column":19}},"60":{"start":{"line":61,"column":0},"end":{"line":61,"column":88}},"61":{"start":{"line":62,"column":0},"end":{"line":62,"column":106}},"62":{"start":{"line":63,"column":0},"end":{"line":63,"column":18}},"63":{"start":{"line":64,"column":0},"end":{"line":64,"column":27}},"64":{"start":{"line":65,"column":0},"end":{"line":65,"column":54}},"65":{"start":{"line":66,"column":0},"end":{"line":66,"column":46}},"66":{"start":{"line":67,"column":0},"end":{"line":67,"column":46}},"67":{"start":{"line":68,"column":0},"end":{"line":68,"column":44}},"68":{"start":{"line":69,"column":0},"end":{"line":69,"column":14}},"69":{"start":{"line":70,"column":0},"end":{"line":70,"column":18}},"70":{"start":{"line":71,"column":0},"end":{"line":71,"column":29}},"71":{"start":{"line":72,"column":0},"end":{"line":72,"column":28}},"72":{"start":{"line":73,"column":0},"end":{"line":73,"column":25}},"73":{"start":{"line":74,"column":0},"end":{"line":74,"column":54}},"74":{"start":{"line":75,"column":0},"end":{"line":75,"column":30}},"75":{"start":{"line":76,"column":0},"end":{"line":76,"column":30}},"76":{"start":{"line":77,"column":0},"end":{"line":77,"column":14}},"77":{"start":{"line":78,"column":0},"end":{"line":78,"column":20}},"78":{"start":{"line":79,"column":0},"end":{"line":79,"column":29}},"79":{"start":{"line":80,"column":0},"end":{"line":80,"column":55}},"80":{"start":{"line":81,"column":0},"end":{"line":81,"column":55}},"81":{"start":{"line":82,"column":0},"end":{"line":82,"column":36}},"82":{"start":{"line":83,"column":0},"end":{"line":83,"column":56}},"83":{"start":{"line":84,"column":0},"end":{"line":84,"column":29}},"84":{"start":{"line":85,"column":0},"end":{"line":85,"column":16}},"85":{"start":{"line":86,"column":0},"end":{"line":86,"column":45}},"86":{"start":{"line":87,"column":0},"end":{"line":87,"column":56}},"87":{"start":{"line":88,"column":0},"end":{"line":88,"column":27}},"88":{"start":{"line":89,"column":0},"end":{"line":89,"column":16}},"89":{"start":{"line":90,"column":0},"end":{"line":90,"column":14}},"90":{"start":{"line":91,"column":0},"end":{"line":91,"column":81}},"91":{"start":{"line":92,"column":0},"end":{"line":92,"column":48}},"92":{"start":{"line":93,"column":0},"end":{"line":93,"column":72}},"93":{"start":{"line":94,"column":0},"end":{"line":94,"column":17}},"94":{"start":{"line":95,"column":0},"end":{"line":95,"column":18}},"95":{"start":{"line":96,"column":0},"end":{"line":96,"column":21}},"96":{"start":{"line":97,"column":0},"end":{"line":97,"column":30}},"97":{"start":{"line":98,"column":0},"end":{"line":98,"column":20}},"98":{"start":{"line":99,"column":0},"end":{"line":99,"column":11}},"100":{"start":{"line":101,"column":0},"end":{"line":101,"column":1}}},"s":{"2":0,"3":0,"5":0,"11":0,"12":0,"13":0,"14":0,"15":0,"16":0,"17":0,"18":0,"19":0,"20":0,"21":0,"22":0,"24":0,"25":0,"26":0,"27":0,"29":0,"30":0,"32":0,"33":0,"34":0,"35":0,"36":0,"37":0,"38":0,"39":0,"40":0,"41":0,"42":0,"44":0,"46":0,"47":0,"49":0,"50":0,"51":0,"52":0,"54":0,"55":0,"56":0,"57":0,"58":0,"59":0,"60":0,"61":0,"62":0,"63":0,"64":0,"65":0,"66":0,"67":0,"68":0,"69":0,"70":0,"71":0,"72":0,"73":0,"74":0,"75":0,"76":0,"77":0,"78":0,"79":0,"80":0,"81":0,"82":0,"83":0,"84":0,"85":0,"86":0,"87":0,"88":0,"89":0,"90":0,"91":0,"92":0,"93":0,"94":0,"95":0,"96":0,"97":0,"98":0,"100":0},"branchMap":{"0":{"type":"branch","line":1,"loc":{"start":{"line":1,"column":3194},"end":{"line":101,"column":1}},"locations":[{"start":{"line":1,"column":3194},"end":{"line":101,"column":1}}]}},"b":{"0":[1]},"fnMap":{"0":{"name":"(empty-report)","decl":{"start":{"line":1,"column":3194},"end":{"line":101,"column":1}},"loc":{"start":{"line":1,"column":3194},"end":{"line":101,"column":1}},"line":1}},"f":{"0":1}}
,"C:\\Users\\Admin\\loan-approval-ai-system\\frontend\\src\\components\\agents\\WorkflowTimeline.tsx": {"path":"C:\\Users\\Admin\\loan-approval-ai-system\\frontend\\src\\components\\agents\\WorkflowTimeline.tsx","all":false,"statementMap":{"3":{"start":{"line":4,"column":0},"end":{"line":4,"column":68}},"4":{"start":{"line":5,"column":0},"end":{"line":5,"column":66}},"10":{"start":{"line":11,"column":0},"end":{"line":11,"column":51}},"11":{"start":{"line":12,"column":0},"end":{"line":12,"column":19}},"12":{"start":{"line":13,"column":0},"end":{"line":13,"column":21}},"13":{"start":{"line":14,"column":0},"end":{"line":14,"column":63}},"14":{"start":{"line":15,"column":0},"end":{"line":15,"column":19}},"15":{"start":{"line":16,"column":0},"end":{"line":16,"column":71}},"16":{"start":{"line":17,"column":0},"end":{"line":17,"column":18}},"17":{"start":{"line":18,"column":0},"end":{"line":18,"column":57}},"18":{"start":{"line":19,"column":0},"end":{"line":19,"column":12}},"19":{"start":{"line":20,"column":0},"end":{"line":20,"column":57}},"20":{"start":{"line":21,"column":0},"end":{"line":21,"column":3}},"21":{"start":{"line":22,"column":0},"end":{"line":22,"column":1}},"23":{"start":{"line":24,"column":0},"end":{"line":24,"column":60}},"24":{"start":{"line":25,"column":0},"end":{"line":25,"column":19}},"25":{"start":{"line":26,"column":0},"end":{"line":26,"column":21}},"26":{"start":{"line":27,"column":0},"end":{"line":27,"column":27}},"27":{"start":{"line":28,"column":0},"end":{"line":28,"column":19}},"28":{"start":{"line":29,"column":0},"end":{"line":29,"column":26}},"29":{"start":{"line":30,"column":0},"end":{"line":30,"column":18}},"30":{"start":{"line":31,"column":0},"end":{"line":31,"column":25}},"31":{"start":{"line":32,"column":0},"end":{"line":32,"column":12}},"32":{"start":{"line":33,"column":0},"end":{"line":33,"column":26}},"33":{"start":{"line":34,"column":0},"end":{"line":34,"column":3}},"34":{"start":{"line":35,"column":0},"end":{"line":35,"column":1}},"36":{"start":{"line":37,"column":0},"end":{"line":37,"column":54}},"37":{"start":{"line":38,"column":0},"end":{"line":38,"column":57}},"38":{"start":{"line":39,"column":0},"end":{"line":39,"column":51}},"39":{"start":{"line":40,"column":0},"end":{"line":40,"column":51}},"40":{"start":{"line":41,"column":0},"end":{"line":41,"column":24}},"41":{"start":{"line":42,"column":0},"end":{"line":42,"column":33}},"42":{"start":{"line":43,"column":0},"end":{"line":43,"column":37}},"43":{"start":{"line":44,"column":0},"end":{"line":44,"column":1}},"45":{"start":{"line":46,"column":0},"end":{"line":46,"column":106}},"46":{"start":{"line":47,"column":0},"end":{"line":47,"column":44}},"47":{"start":{"line":48,"column":0},"end":{"line":48,"column":37}},"50":{"start":{"line":51,"column":0},"end":{"line":51,"column":46}},"51":{"start":{"line":52,"column":0},"end":{"line":52,"column":81}},"52":{"start":{"line":53,"column":0},"end":{"line":53,"column":3}},"54":{"start":{"line":55,"column":0},"end":{"line":55,"column":10}},"55":{"start":{"line":56,"column":0},"end":{"line":56,"column":59}},"56":{"start":{"line":57,"column":0},"end":{"line":57,"column":40}},"57":{"start":{"line":58,"column":0},"end":{"line":58,"column":68}},"58":{"start":{"line":59,"column":0},"end":{"line":59,"column":79}},"59":{"start":{"line":60,"column":0},"end":{"line":60,"column":17}},"60":{"start":{"line":61,"column":0},"end":{"line":61,"column":15}},"61":{"start":{"line":62,"column":0},"end":{"line":62,"column":9}},"62":{"start":{"line":63,"column":0},"end":{"line":63,"column":10}},"64":{"start":{"line":65,"column":0},"end":{"line":65,"column":1}},"66":{"start":{"line":67,"column":0},"end":{"line":67,"column":81}},"67":{"start":{"line":68,"column":0},"end":{"line":68,"column":24}},"68":{"start":{"line":69,"column":0},"end":{"line":69,"column":30}},"69":{"start":{"line":70,"column":0},"end":{"line":70,"column":61}},"70":{"start":{"line":71,"column":0},"end":{"line":71,"column":60}},"71":{"start":{"line":72,"column":0},"end":{"line":72,"column":82}},"72":{"start":{"line":73,"column":0},"end":{"line":73,"column":43}},"73":{"start":{"line":74,"column":0},"end":{"line":74,"column":31}},"74":{"start":{"line":75,"column":0},"end":{"line":75,"column":44}},"75":{"start":{"line":76,"column":0},"end":{"line":76,"column":43}},"76":{"start":{"line":77,"column":0},"end":{"line":77,"column":1}},"78":{"start":{"line":79,"column":0},"end":{"line":79,"column":68}},"79":{"start":{"line":80,"column":0},"end":{"line":80,"column":10}},"80":{"start":{"line":81,"column":0},"end":{"line":81,"column":31}},"81":{"start":{"line":82,"column":0},"end":{"line":82,"column":35}},"82":{"start":{"line":83,"column":0},"end":{"line":83,"column":58}},"83":{"start":{"line":84,"column":0},"end":{"line":84,"column":16}},"84":{"start":{"line":85,"column":0},"end":{"line":85,"column":50}},"85":{"start":{"line":86,"column":0},"end":{"line":86,"column":56}},"86":{"start":{"line":87,"column":0},"end":{"line":87,"column":40}},"87":{"start":{"line":88,"column":0},"end":{"line":88,"column":44}},"88":{"start":{"line":89,"column":0},"end":{"line":89,"column":92}},"90":{"start":{"line":91,"column":0},"end":{"line":91,"column":18}},"91":{"start":{"line":92,"column":0},"end":{"line":92,"column":41}},"92":{"start":{"line":93,"column":0},"end":{"line":93,"column":55}},"93":{"start":{"line":94,"column":0},"end":{"line":94,"column":87}},"94":{"start":{"line":95,"column":0},"end":{"line":95,"column":39}},"95":{"start":{"line":96,"column":0},"end":{"line":96,"column":94}},"97":{"start":{"line":98,"column":0},"end":{"line":98,"column":42}},"98":{"start":{"line":99,"column":0},"end":{"line":99,"column":102}},"100":{"start":{"line":101,"column":0},"end":{"line":101,"column":20}},"101":{"start":{"line":102,"column":0},"end":{"line":102,"column":68}},"102":{"start":{"line":103,"column":0},"end":{"line":103,"column":30}},"103":{"start":{"line":104,"column":0},"end":{"line":104,"column":77}},"105":{"start":{"line":106,"column":0},"end":{"line":106,"column":18}},"106":{"start":{"line":107,"column":0},"end":{"line":107,"column":16}},"108":{"start":{"line":109,"column":0},"end":{"line":109,"column":9}},"109":{"start":{"line":110,"column":0},"end":{"line":110,"column":10}},"111":{"start":{"line":112,"column":0},"end":{"line":112,"column":1}}},"s":{"3":1,"4":1,"10":15,"11":15,"12":15,"13":13,"14":15,"15":0,"16":15,"17":1,"18":15,"19":1,"20":15,"21":15,"23":5,"24":5,"25":5,"26":5,"27":5,"28":0,"29":5,"30":0,"31":5,"32":0,"33":5,"34":5,"36":29,"37":29,"38":28,"39":28,"40":28,"41":29,"42":4,"43":4,"45":15,"46":15,"47":15,"50":15,"51":1,"52":1,"54":1,"55":1,"56":1,"57":2,"58":2,"59":2,"60":2,"61":1,"62":1,"64":1,"66":15,"67":15,"68":15,"69":15,"70":14,"71":15,"72":15,"73":15,"74":15,"75":4,"76":4,"78":1,"79":11,"80":11,"81":11,"82":15,"83":15,"84":15,"85":15,"86":15,"87":15,"88":5,"90":15,"91":15,"92":15,"93":15,"94":15,"95":14,"97":15,"98":5,"100":15,"101":15,"102":15,"103":1,"105":15,"106":15,"108":11,"109":11,"111":11},"branchMap":{"0":{"type":"branch","line":11,"loc":{"start":{"line":11,"column":0},"end":{"line":22,"column":1}},"locations":[{"start":{"line":11,"column":0},"end":{"line":22,"column":1}}]},"1":{"type":"branch","line":13,"loc":{"start":{"line":13,"column":4},"end":{"line":14,"column":63}},"locations":[{"start":{"line":13,"column":4},"end":{"line":14,"column":63}}]},"2":{"type":"branch","line":15,"loc":{"start":{"line":15,"column":4},"end":{"line":16,"column":71}},"locations":[{"start":{"line":15,"column":4},"end":{"line":16,"column":71}}]},"3":{"type":"branch","line":17,"loc":{"start":{"line":17,"column":4},"end":{"line":18,"column":57}},"locations":[{"start":{"line":17,"column":4},"end":{"line":18,"column":57}}]},"4":{"type":"branch","line":19,"loc":{"start":{"line":19,"column":4},"end":{"line":20,"column":57}},"locations":[{"start":{"line":19,"column":4},"end":{"line":20,"column":57}}]},"5":{"type":"branch","line":24,"loc":{"start":{"line":24,"column":0},"end":{"line":35,"column":1}},"locations":[{"start":{"line":24,"column":0},"end":{"line":35,"column":1}}]},"6":{"type":"branch","line":28,"loc":{"start":{"line":28,"column":4},"end":{"line":29,"column":26}},"locations":[{"start":{"line":28,"column":4},"end":{"line":29,"column":26}}]},"7":{"type":"branch","line":30,"loc":{"start":{"line":30,"column":4},"end":{"line":31,"column":25}},"locations":[{"start":{"line":30,"column":4},"end":{"line":31,"column":25}}]},"8":{"type":"branch","line":32,"loc":{"start":{"line":32,"column":4},"end":{"line":33,"column":26}},"locations":[{"start":{"line":32,"column":4},"end":{"line":33,"column":26}}]},"9":{"type":"branch","line":37,"loc":{"start":{"line":37,"column":0},"end":{"line":44,"column":1}},"locations":[{"start":{"line":37,"column":0},"end":{"line":44,"column":1}}]},"10":{"type":"branch","line":38,"loc":{"start":{"line":38,"column":12},"end":{"line":38,"column":46}},"locations":[{"start":{"line":38,"column":12},"end":{"line":38,"column":46}}]},"11":{"type":"branch","line":38,"loc":{"start":{"line":38,"column":46},"end":{"line":38,"column":57}},"locations":[{"start":{"line":38,"column":46},"end":{"line":38,"column":57}}]},"12":{"type":"branch","line":38,"loc":{"start":{"line":38,"column":53},"end":{"line":42,"column":24}},"locations":[{"start":{"line":38,"column":53},"end":{"line":42,"column":24}}]},"13":{"type":"branch","line":42,"loc":{"start":{"line":42,"column":17},"end":{"line":42,"column":33}},"locations":[{"start":{"line":42,"column":17},"end":{"line":42,"column":33}}]},"14":{"type":"branch","line":42,"loc":{"start":{"line":42,"column":29},"end":{"line":44,"column":1}},"locations":[{"start":{"line":42,"column":29},"end":{"line":44,"column":1}}]},"15":{"type":"branch","line":46,"loc":{"start":{"line":46,"column":0},"end":{"line":65,"column":1}},"locations":[{"start":{"line":46,"column":0},"end":{"line":65,"column":1}}]},"16":{"type":"branch","line":48,"loc":{"start":{"line":48,"column":26},"end":{"line":48,"column":37}},"locations":[{"start":{"line":48,"column":26},"end":{"line":48,"column":37}}]},"17":{"type":"branch","line":48,"loc":{"start":{"line":48,"column":33},"end":{"line":51,"column":28}},"locations":[{"start":{"line":48,"column":33},"end":{"line":51,"column":28}}]},"18":{"type":"branch","line":51,"loc":{"start":{"line":51,"column":23},"end":{"line":51,"column":45}},"locations":[{"start":{"line":51,"column":23},"end":{"line":51,"column":45}}]},"19":{"type":"branch","line":51,"loc":{"start":{"line":51,"column":45},"end":{"line":65,"column":1}},"locations":[{"start":{"line":51,"column":45},"end":{"line":65,"column":1}}]},"20":{"type":"branch","line":57,"loc":{"start":{"line":57,"column":17},"end":{"line":61,"column":15}},"locations":[{"start":{"line":57,"column":17},"end":{"line":61,"column":15}}]},"21":{"type":"branch","line":67,"loc":{"start":{"line":67,"column":0},"end":{"line":77,"column":1}},"locations":[{"start":{"line":67,"column":0},"end":{"line":77,"column":1}}]},"22":{"type":"branch","line":70,"loc":{"start":{"line":70,"column":14},"end":{"line":70,"column":50}},"locations":[{"start":{"line":70,"column":14},"end":{"line":70,"column":50}}]},"23":{"type":"branch","line":70,"loc":{"start":{"line":70,"column":50},"end":{"line":70,"column":61}},"locations":[{"start":{"line":70,"column":50},"end":{"line":70,"column":61}}]},"24":{"type":"branch","line":70,"loc":{"start":{"line":70,"column":57},"end":{"line":72,"column":53}},"locations":[{"start":{"line":70,"column":57},"end":{"line":72,"column":53}}]},"25":{"type":"branch","line":72,"loc":{"start":{"line":72,"column":37},"end":{"line":72,"column":71}},"locations":[{"start":{"line":72,"column":37},"end":{"line":72,"column":71}}]},"26":{"type":"branch","line":74,"loc":{"start":{"line":74,"column":20},"end":{"line":74,"column":31}},"locations":[{"start":{"line":74,"column":20},"end":{"line":74,"column":31}}]},"27":{"type":"branch","line":74,"loc":{"start":{"line":74,"column":27},"end":{"line":75,"column":29}},"locations":[{"start":{"line":74,"column":27},"end":{"line":75,"column":29}}]},"28":{"type":"branch","line":75,"loc":{"start":{"line":75,"column":22},"end":{"line":75,"column":44}},"locations":[{"start":{"line":75,"column":22},"end":{"line":75,"column":44}}]},"29":{"type":"branch","line":75,"loc":{"start":{"line":75,"column":40},"end":{"line":77,"column":1}},"locations":[{"start":{"line":75,"column":40},"end":{"line":77,"column":1}}]},"30":{"type":"branch","line":79,"loc":{"start":{"line":79,"column":7},"end":{"line":112,"column":1}},"locations":[{"start":{"line":79,"column":7},"end":{"line":112,"column":1}}]},"31":{"type":"branch","line":82,"loc":{"start":{"line":82,"column":17},"end":{"line":109,"column":7}},"locations":[{"start":{"line":82,"column":17},"end":{"line":109,"column":7}}]},"32":{"type":"branch","line":88,"loc":{"start":{"line":88,"column":38},"end":{"line":89,"column":92}},"locations":[{"start":{"line":88,"column":38},"end":{"line":89,"column":92}}]},"33":{"type":"branch","line":95,"loc":{"start":{"line":95,"column":33},"end":{"line":96,"column":94}},"locations":[{"start":{"line":95,"column":33},"end":{"line":96,"column":94}}]},"34":{"type":"branch","line":98,"loc":{"start":{"line":98,"column":17},"end":{"line":98,"column":42}},"locations":[{"start":{"line":98,"column":17},"end":{"line":98,"column":42}}]},"35":{"type":"branch","line":98,"loc":{"start":{"line":98,"column":36},"end":{"line":99,"column":102}},"locations":[{"start":{"line":98,"column":36},"end":{"line":99,"column":102}}]},"36":{"type":"branch","line":103,"loc":{"start":{"line":103,"column":20},"end":{"line":104,"column":77}},"locations":[{"start":{"line":103,"column":20},"end":{"line":104,"column":77}}]}},"b":{"0":[15],"1":[13],"2":[0],"3":[1],"4":[1],"5":[5],"6":[0],"7":[0],"8":[0],"9":[29],"10":[28],"11":[1],"12":[28],"13":[24],"14":[4],"15":[15],"16":[13],"17":[2],"18":[1],"19":[1],"20":[2],"21":[15],"22":[14],"23":[1],"24":[14],"25":[0],"26":[0],"27":[14],"28":[10],"29":[4],"30":[11],"31":[15],"32":[5],"33":[14],"34":[14],"35":[5],"36":[1]},"fnMap":{"0":{"name":"getStepIcon","decl":{"start":{"line":11,"column":0},"end":{"line":22,"column":1}},"loc":{"start":{"line":11,"column":0},"end":{"line":22,"column":1}},"line":11},"1":{"name":"getLineColor","decl":{"start":{"line":24,"column":0},"end":{"line":35,"column":1}},"loc":{"start":{"line":24,"column":0},"end":{"line":35,"column":1}},"line":24},"2":{"name":"getDuration","decl":{"start":{"line":37,"column":0},"end":{"line":44,"column":1}},"loc":{"start":{"line":37,"column":0},"end":{"line":44,"column":1}},"line":37},"3":{"name":"ResultSummaryDisplay","decl":{"start":{"line":46,"column":0},"end":{"line":65,"column":1}},"loc":{"start":{"line":46,"column":0},"end":{"line":65,"column":1}},"line":46},"4":{"name":"getCumulativeElapsed","decl":{"start":{"line":67,"column":0},"end":{"line":77,"column":1}},"loc":{"start":{"line":67,"column":0},"end":{"line":77,"column":1}},"line":67},"5":{"name":"WorkflowTimeline","decl":{"start":{"line":79,"column":7},"end":{"line":112,"column":1}},"loc":{"start":{"line":79,"column":7},"end":{"line":112,"column":1}},"line":79}},"f":{"0":15,"1":5,"2":29,"3":15,"4":15,"5":11}}
,"C:\\Users\\Admin\\loan-approval-ai-system\\frontend\\src\\components\\agents\\stepLabels.ts": {"path":"C:\\Users\\Admin\\loan-approval-ai-system\\frontend\\src\\components\\agents\\stepLabels.ts","all":false,"statementMap":{"0":{"start":{"line":1,"column":0},"end":{"line":1,"column":52}},"1":{"start":{"line":2,"column":0},"end":{"line":2,"column":29}},"2":{"start":{"line":3,"column":0},"end":{"line":3,"column":33}},"3":{"start":{"line":4,"column":0},"end":{"line":4,"column":39}},"4":{"start":{"line":5,"column":0},"end":{"line":5,"column":35}},"5":{"start":{"line":6,"column":0},"end":{"line":6,"column":27}},"6":{"start":{"line":7,"column":0},"end":{"line":7,"column":37}},"7":{"start":{"line":8,"column":0},"end":{"line":8,"column":39}},"8":{"start":{"line":9,"column":0},"end":{"line":9,"column":65}},"9":{"start":{"line":10,"column":0},"end":{"line":10,"column":69}},"10":{"start":{"line":11,"column":0},"end":{"line":11,"column":71}},"11":{"start":{"line":12,"column":0},"end":{"line":12,"column":49}},"12":{"start":{"line":13,"column":0},"end":{"line":13,"column":49}},"13":{"start":{"line":14,"column":0},"end":{"line":14,"column":49}},"14":{"start":{"line":15,"column":0},"end":{"line":15,"column":39}},"15":{"start":{"line":16,"column":0},"end":{"line":16,"column":63}},"16":{"start":{"line":17,"column":0},"end":{"line":17,"column":59}},"17":{"start":{"line":18,"column":0},"end":{"line":18,"column":55}},"18":{"start":{"line":19,"column":0},"end":{"line":19,"column":47}},"19":{"start":{"line":20,"column":0},"end":{"line":20,"column":45}},"20":{"start":{"line":21,"column":0},"end":{"line":21,"column":53}},"21":{"start":{"line":22,"column":0},"end":{"line":22,"column":1}},"24":{"start":{"line":25,"column":0},"end":{"line":25,"column":103}},"26":{"start":{"line":27,"column":0},"end":{"line":27,"column":47}},"27":{"start":{"line":28,"column":0},"end":{"line":28,"column":72}},"28":{"start":{"line":29,"column":0},"end":{"line":29,"column":53}},"29":{"start":{"line":30,"column":0},"end":{"line":30,"column":1}},"31":{"start":{"line":32,"column":0},"end":{"line":32,"column":73}},"32":{"start":{"line":33,"column":0},"end":{"line":33,"column":34}},"33":{"start":{"line":34,"column":0},"end":{"line":34,"column":49}},"34":{"start":{"line":35,"column":0},"end":{"line":35,"column":54}},"35":{"start":{"line":36,"column":0},"end":{"line":36,"column":1}},"38":{"start":{"line":39,"column":0},"end":{"line":39,"column":36}},"39":{"start":{"line":40,"column":0},"end":{"line":40,"column":58}},"40":{"start":{"line":41,"column":0},"end":{"line":41,"column":39}},"41":{"start":{"line":42,"column":0},"end":{"line":42,"column":25}},"42":{"start":{"line":43,"column":0},"end":{"line":43,"column":73}},"44":{"start":{"line":45,"column":0},"end":{"line":45,"column":46}},"45":{"start":{"line":46,"column":0},"end":{"line":46,"column":29}},"46":{"start":{"line":47,"column":0},"end":{"line":47,"column":30}},"47":{"start":{"line":48,"column":0},"end":{"line":48,"column":23}},"48":{"start":{"line":49,"column":0},"end":{"line":49,"column":36}},"49":{"start":{"line":50,"column":0},"end":{"line":50,"column":43}},"50":{"start":{"line":51,"column":0},"end":{"line":51,"column":23}},"51":{"start":{"line":52,"column":0},"end":{"line":52,"column":29}},"52":{"start":{"line":53,"column":0},"end":{"line":53,"column":17}},"53":{"start":{"line":54,"column":0},"end":{"line":54,"column":27}},"54":{"start":{"line":55,"column":0},"end":{"line":55,"column":25}},"55":{"start":{"line":56,"column":0},"end":{"line":56,"column":48}},"56":{"start":{"line":57,"column":0},"end":{"line":57,"column":37}},"57":{"start":{"line":58,"column":0},"end":{"line":58,"column":42}},"58":{"start":{"line":59,"column":0},"end":{"line":59,"column":31}},"59":{"start":{"line":60,"column":0},"end":{"line":60,"column":21}},"60":{"start":{"line":61,"column":0},"end":{"line":61,"column":19}},"61":{"start":{"line":62,"column":0},"end":{"line":62,"column":21}},"62":{"start":{"line":63,"column":0},"end":{"line":63,"column":17}},"63":{"start":{"line":64,"column":0},"end":{"line":64,"column":43}},"64":{"start":{"line":65,"column":0},"end":{"line":65,"column":39}},"65":{"start":{"line":66,"column":0},"end":{"line":66,"column":21}},"66":{"start":{"line":67,"column":0},"end":{"line":67,"column":29}},"67":{"start":{"line":68,"column":0},"end":{"line":68,"column":39}},"68":{"start":{"line":69,"column":0},"end":{"line":69,"column":3}},"70":{"start":{"line":71,"column":0},"end":{"line":71,"column":32}},"71":{"start":{"line":72,"column":0},"end":{"line":72,"column":65}},"72":{"start":{"line":73,"column":0},"end":{"line":73,"column":22}},"73":{"start":{"line":74,"column":0},"end":{"line":74,"column":79}},"75":{"start":{"line":76,"column":0},"end":{"line":76,"column":23}},"76":{"start":{"line":77,"column":0},"end":{"line":77,"column":56}},"77":{"start":{"line":78,"column":0},"end":{"line":78,"column":54}},"78":{"start":{"line":79,"column":0},"end":{"line":79,"column":42}},"80":{"start":{"line":81,"column":0},"end":{"line":81,"column":70}},"81":{"start":{"line":82,"column":0},"end":{"line":82,"column":58}},"82":{"start":{"line":83,"column":0},"end":{"line":83,"column":67}},"83":{"start":{"line":84,"column":0},"end":{"line":84,"column":68}},"84":{"start":{"line":85,"column":0},"end":{"line":85,"column":37}},"85":{"start":{"line":86,"column":0},"end":{"line":86,"column":64}},"86":{"start":{"line":87,"column":0},"end":{"line":87,"column":42}},"87":{"start":{"line":88,"column":0},"end":{"line":88,"column":71}},"88":{"start":{"line":89,"column":0},"end":{"line":89,"column":65}},"89":{"start":{"line":90,"column":0},"end":{"line":90,"column":67}},"90":{"start":{"line":91,"column":0},"end":{"line":91,"column":28}},"91":{"start":{"line":92,"column":0},"end":{"line":92,"column":63}},"92":{"start":{"line":93,"column":0},"end":{"line":93,"column":26}},"93":{"start":{"line":94,"column":0},"end":{"line":94,"column":77}},"94":{"start":{"line":95,"column":0},"end":{"line":95,"column":26}},"95":{"start":{"line":96,"column":0},"end":{"line":96,"column":14}},"96":{"start":{"line":97,"column":0},"end":{"line":97,"column":25}},"97":{"start":{"line":98,"column":0},"end":{"line":98,"column":7}},"99":{"start":{"line":100,"column":0},"end":{"line":100,"column":29}},"100":{"start":{"line":101,"column":0},"end":{"line":101,"column":6}},"101":{"start":{"line":102,"column":0},"end":{"line":102,"column":1}}},"s":{"0":1,"1":1,"2":1,"3":1,"4":1,"5":1,"6":1,"7":1,"8":1,"9":1,"10":1,"11":1,"12":1,"13":1,"14":1,"15":1,"16":1,"17":1,"18":1,"19":1,"20":1,"21":1,"24":1,"26":15,"27":15,"28":11,"29":11,"31":1,"32":16,"33":16,"34":4,"35":4,"38":1,"39":12,"40":12,"41":12,"42":12,"44":9,"45":9,"46":9,"47":9,"48":9,"49":9,"50":9,"51":9,"52":9,"53":9,"54":9,"55":9,"56":9,"57":9,"58":9,"59":9,"60":9,"61":9,"62":9,"63":9,"64":9,"65":9,"66":9,"67":9,"68":9,"70":9,"71":9,"72":9,"73":12,"75":12,"76":12,"77":2,"78":12,"80":4,"81":3,"82":2,"83":1,"84":0,"85":10,"86":1,"87":6,"88":2,"89":5,"90":1,"91":3,"92":1,"93":1,"94":0,"95":1,"96":1,"97":1,"99":12,"100":9,"101":9},"branchMap":{"0":{"type":"branch","line":27,"loc":{"start":{"line":27,"column":0},"end":{"line":30,"column":1}},"locations":[{"start":{"line":27,"column":0},"end":{"line":30,"column":1}}]},"1":{"type":"branch","line":28,"loc":{"start":{"line":28,"column":47},"end":{"line":28,"column":72}},"locations":[{"start":{"line":28,"column":47},"end":{"line":28,"column":72}}]},"2":{"type":"branch","line":28,"loc":{"start":{"line":28,"column":71},"end":{"line":30,"column":1}},"locations":[{"start":{"line":28,"column":71},"end":{"line":30,"column":1}}]},"3":{"type":"branch","line":32,"loc":{"start":{"line":32,"column":7},"end":{"line":36,"column":1}},"locations":[{"start":{"line":32,"column":7},"end":{"line":36,"column":1}}]},"4":{"type":"branch","line":33,"loc":{"start":{"line":33,"column":13},"end":{"line":33,"column":34}},"locations":[{"start":{"line":33,"column":13},"end":{"line":33,"column":34}}]},"5":{"type":"branch","line":33,"loc":{"start":{"line":33,"column":20},"end":{"line":34,"column":32}},"locations":[{"start":{"line":33,"column":20},"end":{"line":34,"column":32}}]},"6":{"type":"branch","line":34,"loc":{"start":{"line":34,"column":25},"end":{"line":34,"column":49}},"locations":[{"start":{"line":34,"column":25},"end":{"line":34,"column":49}}]},"7":{"type":"branch","line":34,"loc":{"start":{"line":34,"column":48},"end":{"line":36,"column":1}},"locations":[{"start":{"line":34,"column":48},"end":{"line":36,"column":1}}]},"8":{"type":"branch","line":39,"loc":{"start":{"line":39,"column":7},"end":{"line":102,"column":1}},"locations":[{"start":{"line":39,"column":7},"end":{"line":102,"column":1}}]},"9":{"type":"branch","line":42,"loc":{"start":{"line":42,"column":16},"end":{"line":42,"column":25}},"locations":[{"start":{"line":42,"column":16},"end":{"line":42,"column":25}}]},"10":{"type":"branch","line":42,"loc":{"start":{"line":42,"column":24},"end":{"line":43,"column":42}},"locations":[{"start":{"line":42,"column":24},"end":{"line":43,"column":42}}]},"11":{"type":"branch","line":43,"loc":{"start":{"line":43,"column":35},"end":{"line":43,"column":73}},"locations":[{"start":{"line":43,"column":35},"end":{"line":43,"column":73}}]},"12":{"type":"branch","line":43,"loc":{"start":{"line":43,"column":72},"end":{"line":102,"column":1}},"locations":[{"start":{"line":43,"column":72},"end":{"line":102,"column":1}}]},"13":{"type":"branch","line":72,"loc":{"start":{"line":72,"column":12},"end":{"line":72,"column":64}},"locations":[{"start":{"line":72,"column":12},"end":{"line":72,"column":64}}]},"14":{"type":"branch","line":72,"loc":{"start":{"line":72,"column":29},"end":{"line":72,"column":56}},"locations":[{"start":{"line":72,"column":29},"end":{"line":72,"column":56}}]},"15":{"type":"branch","line":72,"loc":{"start":{"line":72,"column":43},"end":{"line":72,"column":64}},"locations":[{"start":{"line":72,"column":43},"end":{"line":72,"column":64}}]},"16":{"type":"branch","line":73,"loc":{"start":{"line":73,"column":9},"end":{"line":101,"column":5}},"locations":[{"start":{"line":73,"column":9},"end":{"line":101,"column":5}}]},"17":{"type":"branch","line":74,"loc":{"start":{"line":74,"column":32},"end":{"line":74,"column":79}},"locations":[{"start":{"line":74,"column":32},"end":{"line":74,"column":79}}]},"18":{"type":"branch","line":77,"loc":{"start":{"line":77,"column":16},"end":{"line":77,"column":55}},"locations":[{"start":{"line":77,"column":16},"end":{"line":77,"column":55}}]},"19":{"type":"branch","line":77,"loc":{"start":{"line":77,"column":55},"end":{"line":79,"column":17}},"locations":[{"start":{"line":77,"column":55},"end":{"line":79,"column":17}}]},"20":{"type":"branch","line":79,"loc":{"start":{"line":79,"column":6},"end":{"line":98,"column":7}},"locations":[{"start":{"line":79,"column":6},"end":{"line":98,"column":7}}]},"21":{"type":"branch","line":79,"loc":{"start":{"line":79,"column":41},"end":{"line":86,"column":17}},"locations":[{"start":{"line":79,"column":41},"end":{"line":86,"column":17}}]},"22":{"type":"branch","line":81,"loc":{"start":{"line":81,"column":39},"end":{"line":81,"column":70}},"locations":[{"start":{"line":81,"column":39},"end":{"line":81,"column":70}}]},"23":{"type":"branch","line":81,"loc":{"start":{"line":81,"column":51},"end":{"line":81,"column":70}},"locations":[{"start":{"line":81,"column":51},"end":{"line":81,"column":70}}]},"24":{"type":"branch","line":81,"loc":{"start":{"line":81,"column":62},"end":{"line":85,"column":37}},"locations":[{"start":{"line":81,"column":62},"end":{"line":85,"column":37}}]},"25":{"type":"branch","line":82,"loc":{"start":{"line":82,"column":34},"end":{"line":82,"column":58}},"locations":[{"start":{"line":82,"column":34},"end":{"line":82,"column":58}}]},"26":{"type":"branch","line":82,"loc":{"start":{"line":82,"column":42},"end":{"line":82,"column":54}},"locations":[{"start":{"line":82,"column":42},"end":{"line":82,"column":54}}]},"27":{"type":"branch","line":82,"loc":{"start":{"line":82,"column":54},"end":{"line":85,"column":37}},"locations":[{"start":{"line":82,"column":54},"end":{"line":85,"column":37}}]},"28":{"type":"branch","line":83,"loc":{"start":{"line":83,"column":31},"end":{"line":85,"column":37}},"locations":[{"start":{"line":83,"column":31},"end":{"line":85,"column":37}}]},"29":{"type":"branch","line":83,"loc":{"start":{"line":83,"column":43},"end":{"line":83,"column":67}},"locations":[{"start":{"line":83,"column":43},"end":{"line":83,"column":67}}]},"30":{"type":"branch","line":84,"loc":{"start":{"line":84,"column":56},"end":{"line":84,"column":68}},"locations":[{"start":{"line":84,"column":56},"end":{"line":84,"column":68}}]},"31":{"type":"branch","line":84,"loc":{"start":{"line":84,"column":64},"end":{"line":85,"column":37}},"locations":[{"start":{"line":84,"column":64},"end":{"line":85,"column":37}}]},"32":{"type":"branch","line":86,"loc":{"start":{"line":86,"column":6},"end":{"line":98,"column":7}},"locations":[{"start":{"line":86,"column":6},"end":{"line":98,"column":7}}]},"33":{"type":"branch","line":86,"loc":{"start":{"line":86,"column":23},"end":{"line":86,"column":63}},"locations":[{"start":{"line":86,"column":23},"end":{"line":86,"column":63}}]},"34":{"type":"branch","line":86,"loc":{"start":{"line":86,"column":63},"end":{"line":88,"column":17}},"locations":[{"start":{"line":86,"column":63},"end":{"line":88,"column":17}}]},"35":{"type":"branch","line":88,"loc":{"start":{"line":88,"column":6},"end":{"line":98,"column":7}},"locations":[{"start":{"line":88,"column":6},"end":{"line":98,"column":7}}]},"36":{"type":"branch","line":88,"loc":{"start":{"line":88,"column":23},"end":{"line":88,"column":70}},"locations":[{"start":{"line":88,"column":23},"end":{"line":88,"column":70}}]},"37":{"type":"branch","line":88,"loc":{"start":{"line":88,"column":70},"end":{"line":90,"column":17}},"locations":[{"start":{"line":88,"column":70},"end":{"line":90,"column":17}}]},"38":{"type":"branch","line":89,"loc":{"start":{"line":89,"column":20},"end":{"line":89,"column":38}},"locations":[{"start":{"line":89,"column":20},"end":{"line":89,"column":38}}]},"39":{"type":"branch","line":89,"loc":{"start":{"line":89,"column":31},"end":{"line":89,"column":65}},"locations":[{"start":{"line":89,"column":31},"end":{"line":89,"column":65}}]},"40":{"type":"branch","line":90,"loc":{"start":{"line":90,"column":6},"end":{"line":98,"column":7}},"locations":[{"start":{"line":90,"column":6},"end":{"line":98,"column":7}}]},"41":{"type":"branch","line":90,"loc":{"start":{"line":90,"column":23},"end":{"line":90,"column":66}},"locations":[{"start":{"line":90,"column":23},"end":{"line":90,"column":66}}]},"42":{"type":"branch","line":90,"loc":{"start":{"line":90,"column":66},"end":{"line":92,"column":17}},"locations":[{"start":{"line":90,"column":66},"end":{"line":92,"column":17}}]},"43":{"type":"branch","line":92,"loc":{"start":{"line":92,"column":6},"end":{"line":98,"column":7}},"locations":[{"start":{"line":92,"column":6},"end":{"line":98,"column":7}}]},"44":{"type":"branch","line":92,"loc":{"start":{"line":92,"column":23},"end":{"line":92,"column":62}},"locations":[{"start":{"line":92,"column":23},"end":{"line":92,"column":62}}]},"45":{"type":"branch","line":92,"loc":{"start":{"line":92,"column":62},"end":{"line":98,"column":7}},"locations":[{"start":{"line":92,"column":62},"end":{"line":98,"column":7}}]},"46":{"type":"branch","line":94,"loc":{"start":{"line":94,"column":23},"end":{"line":94,"column":76}},"locations":[{"start":{"line":94,"column":23},"end":{"line":94,"column":76}}]},"47":{"type":"branch","line":94,"loc":{"start":{"line":94,"column":76},"end":{"line":96,"column":13}},"locations":[{"start":{"line":94,"column":76},"end":{"line":96,"column":13}}]}},"b":{"0":[15],"1":[4],"2":[11],"3":[16],"4":[3],"5":[13],"6":[9],"7":[4],"8":[12],"9":[2],"10":[10],"11":[1],"12":[9],"13":[15],"14":[14],"15":[13],"16":[12],"17":[1],"18":[2],"19":[2],"20":[10],"21":[4],"22":[1],"23":[0],"24":[3],"25":[1],"26":[0],"27":[2],"28":[1],"29":[0],"30":[0],"31":[0],"32":[6],"33":[1],"34":[1],"35":[5],"36":[2],"37":[2],"38":[1],"39":[1],"40":[3],"41":[1],"42":[1],"43":[2],"44":[1],"45":[1],"46":[0],"47":[0]},"fnMap":{"0":{"name":"capitaliseWord","decl":{"start":{"line":27,"column":0},"end":{"line":30,"column":1}},"loc":{"start":{"line":27,"column":0},"end":{"line":30,"column":1}},"line":27},"1":{"name":"formatStepName","decl":{"start":{"line":32,"column":7},"end":{"line":36,"column":1}},"loc":{"start":{"line":32,"column":7},"end":{"line":36,"column":1}},"line":32},"2":{"name":"formatResultSummary","decl":{"start":{"line":39,"column":7},"end":{"line":102,"column":1}},"loc":{"start":{"line":39,"column":7},"end":{"line":102,"column":1}},"line":39}},"f":{"0":15,"1":16,"2":12}}
,"C:\\Users\\Admin\\loan-approval-ai-system\\frontend\\src\\components\\applications\\ApplicationDetail.tsx": {"path":"C:\\Users\\Admin\\loan-approval-ai-system\\frontend\\src\\components\\applications\\ApplicationDetail.tsx","all":false,"statementMap":{"2":{"start":{"line":3,"column":0},"end":{"line":3,"column":96}},"3":{"start":{"line":4,"column":0},"end":{"line":4,"column":45}},"4":{"start":{"line":5,"column":0},"end":{"line":5,"column":51}},"6":{"start":{"line":7,"column":0},"end":{"line":7,"column":75}},"7":{"start":{"line":8,"column":0},"end":{"line":8,"column":79}},"8":{"start":{"line":9,"column":0},"end":{"line":9,"column":77}},"9":{"start":{"line":10,"column":0},"end":{"line":10,"column":71}},"10":{"start":{"line":11,"column":0},"end":{"line":11,"column":75}},"11":{"start":{"line":12,"column":0},"end":{"line":12,"column":77}},"12":{"start":{"line":13,"column":0},"end":{"line":13,"column":71}},"13":{"start":{"line":14,"column":0},"end":{"line":14,"column":73}},"14":{"start":{"line":15,"column":0},"end":{"line":15,"column":75}},"15":{"start":{"line":16,"column":0},"end":{"line":16,"column":63}},"16":{"start":{"line":17,"column":0},"end":{"line":17,"column":67}},"17":{"start":{"line":18,"column":0},"end":{"line":18,"column":83}},"31":{"start":{"line":32,"column":0},"end":{"line":32,"column":193}},"32":{"start":{"line":33,"column":0},"end":{"line":33,"column":84}},"33":{"start":{"line":34,"column":0},"end":{"line":34,"column":36}},"35":{"start":{"line":36,"column":0},"end":{"line":36,"column":18}},"36":{"start":{"line":37,"column":0},"end":{"line":37,"column":12}},"37":{"start":{"line":38,"column":0},"end":{"line":38,"column":33}},"38":{"start":{"line":39,"column":0},"end":{"line":39,"column":44}},"39":{"start":{"line":40,"column":0},"end":{"line":40,"column":44}},"40":{"start":{"line":41,"column":0},"end":{"line":41,"column":12}},"42":{"start":{"line":43,"column":0},"end":{"line":43,"column":3}},"44":{"start":{"line":45,"column":0},"end":{"line":45,"column":39}},"46":{"start":{"line":47,"column":0},"end":{"line":47,"column":10}},"47":{"start":{"line":48,"column":0},"end":{"line":48,"column":31}},"49":{"start":{"line":50,"column":0},"end":{"line":50,"column":49}},"50":{"start":{"line":51,"column":0},"end":{"line":51,"column":55}},"51":{"start":{"line":52,"column":0},"end":{"line":52,"column":54}},"52":{"start":{"line":53,"column":0},"end":{"line":53,"column":12}},"55":{"start":{"line":56,"column":0},"end":{"line":56,"column":23}},"56":{"start":{"line":57,"column":0},"end":{"line":57,"column":46}},"57":{"start":{"line":58,"column":0},"end":{"line":58,"column":46}},"58":{"start":{"line":59,"column":0},"end":{"line":59,"column":48}},"59":{"start":{"line":60,"column":0},"end":{"line":60,"column":52}},"60":{"start":{"line":61,"column":0},"end":{"line":61,"column":46}},"61":{"start":{"line":62,"column":0},"end":{"line":62,"column":50}},"62":{"start":{"line":63,"column":0},"end":{"line":63,"column":54}},"63":{"start":{"line":64,"column":0},"end":{"line":64,"column":27}},"64":{"start":{"line":65,"column":0},"end":{"line":65,"column":31}},"65":{"start":{"line":66,"column":0},"end":{"line":66,"column":45}},"66":{"start":{"line":67,"column":0},"end":{"line":67,"column":53}},"67":{"start":{"line":68,"column":0},"end":{"line":68,"column":8}},"70":{"start":{"line":71,"column":0},"end":{"line":71,"column":20}},"71":{"start":{"line":72,"column":0},"end":{"line":72,"column":14}},"72":{"start":{"line":73,"column":0},"end":{"line":73,"column":22}},"73":{"start":{"line":74,"column":0},"end":{"line":74,"column":80}},"74":{"start":{"line":75,"column":0},"end":{"line":75,"column":29}},"75":{"start":{"line":76,"column":0},"end":{"line":76,"column":117}},"76":{"start":{"line":77,"column":0},"end":{"line":77,"column":30}},"77":{"start":{"line":78,"column":0},"end":{"line":78,"column":23}},"78":{"start":{"line":79,"column":0},"end":{"line":79,"column":23}},"79":{"start":{"line":80,"column":0},"end":{"line":80,"column":55}},"80":{"start":{"line":81,"column":0},"end":{"line":81,"column":24}},"81":{"start":{"line":82,"column":0},"end":{"line":82,"column":15}},"85":{"start":{"line":86,"column":0},"end":{"line":86,"column":70}},"86":{"start":{"line":87,"column":0},"end":{"line":87,"column":14}},"87":{"start":{"line":88,"column":0},"end":{"line":88,"column":22}},"88":{"start":{"line":89,"column":0},"end":{"line":89,"column":70}},"89":{"start":{"line":90,"column":0},"end":{"line":90,"column":29}},"93":{"start":{"line":94,"column":0},"end":{"line":94,"column":30}},"94":{"start":{"line":95,"column":0},"end":{"line":95,"column":23}},"95":{"start":{"line":96,"column":0},"end":{"line":96,"column":45}},"96":{"start":{"line":97,"column":0},"end":{"line":97,"column":52}},"97":{"start":{"line":98,"column":0},"end":{"line":98,"column":79}},"98":{"start":{"line":99,"column":0},"end":{"line":99,"column":62}},"99":{"start":{"line":100,"column":0},"end":{"line":100,"column":54}},"100":{"start":{"line":101,"column":0},"end":{"line":101,"column":53}},"101":{"start":{"line":102,"column":0},"end":{"line":102,"column":66}},"102":{"start":{"line":103,"column":0},"end":{"line":103,"column":72}},"104":{"start":{"line":105,"column":0},"end":{"line":105,"column":94}},"105":{"start":{"line":106,"column":0},"end":{"line":106,"column":26}},"106":{"start":{"line":107,"column":0},"end":{"line":107,"column":43}},"107":{"start":{"line":108,"column":0},"end":{"line":108,"column":68}},"108":{"start":{"line":109,"column":0},"end":{"line":109,"column":70}},"109":{"start":{"line":110,"column":0},"end":{"line":110,"column":27}},"111":{"start":{"line":112,"column":0},"end":{"line":112,"column":22}},"112":{"start":{"line":113,"column":0},"end":{"line":113,"column":56}},"113":{"start":{"line":114,"column":0},"end":{"line":114,"column":93}},"114":{"start":{"line":115,"column":0},"end":{"line":115,"column":42}},"115":{"start":{"line":116,"column":0},"end":{"line":116,"column":64}},"116":{"start":{"line":117,"column":0},"end":{"line":117,"column":60}},"117":{"start":{"line":118,"column":0},"end":{"line":118,"column":72}},"118":{"start":{"line":119,"column":0},"end":{"line":119,"column":77}},"119":{"start":{"line":120,"column":0},"end":{"line":120,"column":26}},"121":{"start":{"line":122,"column":0},"end":{"line":122,"column":54}},"122":{"start":{"line":123,"column":0},"end":{"line":123,"column":97}},"124":{"start":{"line":125,"column":0},"end":{"line":125,"column":60}},"125":{"start":{"line":126,"column":0},"end":{"line":126,"column":54}},"126":{"start":{"line":127,"column":0},"end":{"line":127,"column":95}},"127":{"start":{"line":128,"column":0},"end":{"line":128,"column":106}},"128":{"start":{"line":129,"column":0},"end":{"line":129,"column":32}},"129":{"start":{"line":130,"column":0},"end":{"line":130,"column":56}},"130":{"start":{"line":131,"column":0},"end":{"line":131,"column":103}},"132":{"start":{"line":133,"column":0},"end":{"line":133,"column":28}},"134":{"start":{"line":135,"column":0},"end":{"line":135,"column":24}},"135":{"start":{"line":136,"column":0},"end":{"line":136,"column":22}},"136":{"start":{"line":137,"column":0},"end":{"line":137,"column":20}},"137":{"start":{"line":138,"column":0},"end":{"line":138,"column":15}},"138":{"start":{"line":139,"column":0},"end":{"line":139,"column":24}},"139":{"start":{"line":140,"column":0},"end":{"line":140,"column":15}},"143":{"start":{"line":144,"column":0},"end":{"line":144,"column":47}},"146":{"start":{"line":147,"column":0},"end":{"line":147,"column":78}},"147":{"start":{"line":148,"column":0},"end":{"line":148,"column":35}},"148":{"start":{"line":149,"column":0},"end":{"line":149,"column":71}},"149":{"start":{"line":150,"column":0},"end":{"line":150,"column":51}},"150":{"start":{"line":151,"column":0},"end":{"line":151,"column":58}},"151":{"start":{"line":152,"column":0},"end":{"line":152,"column":13}},"152":{"start":{"line":153,"column":0},"end":{"line":153,"column":14}},"156":{"start":{"line":157,"column":0},"end":{"line":157,"column":78}},"157":{"start":{"line":158,"column":0},"end":{"line":158,"column":35}},"158":{"start":{"line":159,"column":0},"end":{"line":159,"column":68}},"159":{"start":{"line":160,"column":0},"end":{"line":160,"column":50}},"160":{"start":{"line":161,"column":0},"end":{"line":161,"column":57}},"161":{"start":{"line":162,"column":0},"end":{"line":162,"column":13}},"162":{"start":{"line":163,"column":0},"end":{"line":163,"column":14}},"166":{"start":{"line":167,"column":0},"end":{"line":167,"column":26}},"167":{"start":{"line":168,"column":0},"end":{"line":168,"column":44}},"168":{"start":{"line":169,"column":0},"end":{"line":169,"column":53}},"169":{"start":{"line":170,"column":0},"end":{"line":170,"column":8}},"172":{"start":{"line":173,"column":0},"end":{"line":173,"column":83}},"175":{"start":{"line":176,"column":0},"end":{"line":176,"column":49}},"178":{"start":{"line":179,"column":0},"end":{"line":179,"column":29}},"179":{"start":{"line":180,"column":0},"end":{"line":180,"column":14}},"180":{"start":{"line":181,"column":0},"end":{"line":181,"column":22}},"181":{"start":{"line":182,"column":0},"end":{"line":182,"column":62}},"182":{"start":{"line":183,"column":0},"end":{"line":183,"column":23}},"183":{"start":{"line":184,"column":0},"end":{"line":184,"column":23}},"184":{"start":{"line":185,"column":0},"end":{"line":185,"column":80}},"185":{"start":{"line":186,"column":0},"end":{"line":186,"column":24}},"186":{"start":{"line":187,"column":0},"end":{"line":187,"column":15}},"188":{"start":{"line":189,"column":0},"end":{"line":189,"column":10}},"190":{"start":{"line":191,"column":0},"end":{"line":191,"column":1}}},"s":{"2":1,"3":1,"4":1,"6":1,"7":1,"8":1,"9":1,"10":1,"11":1,"12":1,"13":1,"14":1,"15":1,"16":1,"17":1,"31":1,"32":25,"33":25,"35":25,"36":1,"37":1,"38":1,"39":1,"40":1,"42":1,"44":24,"46":24,"47":24,"49":24,"50":24,"51":24,"52":24,"55":24,"56":24,"57":24,"58":24,"59":24,"60":24,"61":24,"62":24,"63":24,"64":24,"65":24,"66":24,"67":24,"70":24,"71":0,"72":0,"73":0,"74":0,"75":0,"76":0,"77":0,"78":0,"79":0,"80":0,"81":0,"85":25,"86":0,"87":0,"88":0,"89":0,"93":0,"94":0,"95":0,"96":0,"97":0,"98":0,"99":0,"100":0,"101":0,"102":0,"104":0,"105":0,"106":0,"107":0,"108":0,"109":0,"111":0,"112":0,"113":0,"114":0,"115":0,"116":0,"117":0,"118":0,"119":0,"121":0,"122":0,"124":0,"125":0,"126":0,"127":0,"128":0,"129":0,"130":0,"132":0,"134":0,"135":0,"136":0,"137":0,"138":0,"139":0,"143":25,"146":25,"147":0,"148":0,"149":0,"150":0,"151":0,"152":0,"156":25,"157":0,"158":0,"159":0,"160":0,"161":0,"162":0,"166":25,"167":25,"168":25,"169":25,"172":25,"175":25,"178":25,"179":15,"180":15,"181":15,"182":15,"183":15,"184":15,"185":15,"186":15,"188":25,"190":25},"branchMap":{"0":{"type":"branch","line":32,"loc":{"start":{"line":32,"column":7},"end":{"line":191,"column":1}},"locations":[{"start":{"line":32,"column":7},"end":{"line":191,"column":1}}]},"1":{"type":"branch","line":36,"loc":{"start":{"line":36,"column":17},"end":{"line":43,"column":3}},"locations":[{"start":{"line":36,"column":17},"end":{"line":43,"column":3}}]},"2":{"type":"branch","line":43,"loc":{"start":{"line":43,"column":2},"end":{"line":71,"column":20}},"locations":[{"start":{"line":43,"column":2},"end":{"line":71,"column":20}}]},"3":{"type":"branch","line":71,"loc":{"start":{"line":71,"column":7},"end":{"line":82,"column":15}},"locations":[{"start":{"line":71,"column":7},"end":{"line":82,"column":15}}]},"4":{"type":"branch","line":86,"loc":{"start":{"line":86,"column":7},"end":{"line":86,"column":33}},"locations":[{"start":{"line":86,"column":7},"end":{"line":86,"column":33}}]},"5":{"type":"branch","line":86,"loc":{"start":{"line":86,"column":17},"end":{"line":86,"column":70}},"locations":[{"start":{"line":86,"column":17},"end":{"line":86,"column":70}}]},"6":{"type":"branch","line":86,"loc":{"start":{"line":86,"column":64},"end":{"line":140,"column":15}},"locations":[{"start":{"line":86,"column":64},"end":{"line":140,"column":15}}]},"7":{"type":"branch","line":144,"loc":{"start":{"line":144,"column":7},"end":{"line":144,"column":47}},"locations":[{"start":{"line":144,"column":7},"end":{"line":144,"column":47}}]},"8":{"type":"branch","line":147,"loc":{"start":{"line":147,"column":7},"end":{"line":147,"column":37}},"locations":[{"start":{"line":147,"column":7},"end":{"line":147,"column":37}}]},"9":{"type":"branch","line":147,"loc":{"start":{"line":147,"column":17},"end":{"line":147,"column":78}},"locations":[{"start":{"line":147,"column":17},"end":{"line":147,"column":78}}]},"10":{"type":"branch","line":147,"loc":{"start":{"line":147,"column":72},"end":{"line":153,"column":14}},"locations":[{"start":{"line":147,"column":72},"end":{"line":153,"column":14}}]},"11":{"type":"branch","line":157,"loc":{"start":{"line":157,"column":7},"end":{"line":157,"column":37}},"locations":[{"start":{"line":157,"column":7},"end":{"line":157,"column":37}}]},"12":{"type":"branch","line":157,"loc":{"start":{"line":157,"column":17},"end":{"line":157,"column":78}},"locations":[{"start":{"line":157,"column":17},"end":{"line":157,"column":78}}]},"13":{"type":"branch","line":157,"loc":{"start":{"line":157,"column":72},"end":{"line":163,"column":14}},"locations":[{"start":{"line":157,"column":72},"end":{"line":163,"column":14}}]},"14":{"type":"branch","line":173,"loc":{"start":{"line":173,"column":7},"end":{"line":173,"column":83}},"locations":[{"start":{"line":173,"column":7},"end":{"line":173,"column":83}}]},"15":{"type":"branch","line":179,"loc":{"start":{"line":179,"column":19},"end":{"line":187,"column":15}},"locations":[{"start":{"line":179,"column":19},"end":{"line":187,"column":15}}]}},"b":{"0":[25],"1":[1],"2":[24],"3":[0],"4":[0],"5":[0],"6":[0],"7":[1],"8":[0],"9":[0],"10":[0],"11":[0],"12":[0],"13":[0],"14":[15],"15":[15]},"fnMap":{"0":{"name":"ApplicationDetail","decl":{"start":{"line":32,"column":7},"end":{"line":191,"column":1}},"loc":{"start":{"line":32,"column":7},"end":{"line":191,"column":1}},"line":32}},"f":{"0":25}}
[...]
}]},"25":{"type":"branch","line":126,"loc":{"start":{"line":126,"column":65},"end":{"line":132,"column":5}},"locations":[{"start":{"line":126,"column":65},"end":{"line":132,"column":5}}]},"26":{"type":"branch","line":127,"loc":{"start":{"line":127,"column":38},"end":{"line":127,"column":50}},"locations":[{"start":{"line":127,"column":38},"end":{"line":127,"column":50}}]},"27":{"type":"branch","line":127,"loc":{"start":{"line":127,"column":44},"end":{"line":128,"column":38}},"locations":[{"start":{"line":127,"column":44},"end":{"line":128,"column":38}}]},"28":{"type":"branch","line":128,"loc":{"start":{"line":128,"column":27},"end":{"line":128,"column":38}},"locations":[{"start":{"line":128,"column":27},"end":{"line":128,"column":38}}]},"29":{"type":"branch","line":128,"loc":{"start":{"line":128,"column":33},"end":{"line":129,"column":24}},"locations":[{"start":{"line":128,"column":33},"end":{"line":129,"column":24}}]},"30":{"type":"branch","line":129,"loc":{"start":{"line":129,"column":17},"end":{"line":130,"column":41}},"locations":[{"start":{"line":129,"column":17},"end":{"line":130,"column":41}}]},"31":{"type":"branch","line":98,"loc":{"start":{"line":98,"column":46},"end":{"line":98,"column":85}},"locations":[{"start":{"line":98,"column":46},"end":{"line":98,"column":85}}]},"32":{"type":"branch","line":111,"loc":{"start":{"line":111,"column":28},"end":{"line":114,"column":13}},"locations":[{"start":{"line":111,"column":28},"end":{"line":114,"column":13}}]},"33":{"type":"branch","line":113,"loc":{"start":{"line":113,"column":86},"end":{"line":113,"column":87}},"locations":[{"start":{"line":113,"column":86},"end":{"line":113,"column":87}}]},"34":{"type":"branch","line":141,"loc":{"start":{"line":141,"column":9},"end":{"line":141,"column":90}},"locations":[{"start":{"line":141,"column":9},"end":{"line":141,"column":90}}]},"35":{"type":"branch","line":143,"loc":{"start":{"line":143,"column":14},"end":{"line":143,"column":41}},"locations":[{"start":{"line":143,"column":14},"end":{"line":143,"column":41}}]},"36":{"type":"branch","line":144,"loc":{"start":{"line":144,"column":22},"end":{"line":144,"column":57}},"locations":[{"start":{"line":144,"column":22},"end":{"line":144,"column":57}}]},"37":{"type":"branch","line":145,"loc":{"start":{"line":145,"column":25},"end":{"line":145,"column":96}},"locations":[{"start":{"line":145,"column":25},"end":{"line":145,"column":96}}]},"38":{"type":"branch","line":150,"loc":{"start":{"line":150,"column":16},"end":{"line":150,"column":45}},"locations":[{"start":{"line":150,"column":16},"end":{"line":150,"column":45}}]},"39":{"type":"branch","line":155,"loc":{"start":{"line":155,"column":8},"end":{"line":155,"column":70}},"locations":[{"start":{"line":155,"column":8},"end":{"line":155,"column":70}}]},"40":{"type":"branch","line":156,"loc":{"start":{"line":156,"column":7},"end":{"line":156,"column":48}},"locations":[{"start":{"line":156,"column":7},"end":{"line":156,"column":48}}]},"41":{"type":"branch","line":157,"loc":{"start":{"line":157,"column":10},"end":{"line":157,"column":59}},"locations":[{"start":{"line":157,"column":10},"end":{"line":157,"column":59}}]},"42":{"type":"branch","line":158,"loc":{"start":{"line":158,"column":10},"end":{"line":158,"column":87}},"locations":[{"start":{"line":158,"column":10},"end":{"line":158,"column":87}}]},"43":{"type":"branch","line":159,"loc":{"start":{"line":159,"column":10},"end":{"line":159,"column":54}},"locations":[{"start":{"line":159,"column":10},"end":{"line":159,"column":54}}]},"44":{"type":"branch","line":168,"loc":{"start":{"line":168,"column":14},"end":{"line":168,"column":58}},"locations":[{"start":{"line":168,"column":14},"end":{"line":168,"column":58}}]},"45":{"type":"branch","line":169,"loc":{"start":{"line":169,"column":14},"end":{"line":169,"column":82}},"locations":[{"start":{"line":169,"column":14},"end":{"line":169,"column":82}}]},"46":{"type":"branch","line":171,"loc":{"start":{"line":171,"column":19},"end":{"line":171,"column":119}},"locations":[{"start":{"line":171,"column":19},"end":{"line":171,"column":119}}]},"47":{"type":"branch","line":178,"loc":{"start":{"line":178,"column":7},"end":{"line":178,"column":57}},"locations":[{"start":{"line":178,"column":7},"end":{"line":178,"column":57}}]},"48":{"type":"branch","line":186,"loc":{"start":{"line":186,"column":11},"end":{"line":186,"column":79}},"locations":[{"start":{"line":186,"column":11},"end":{"line":186,"column":79}}]},"49":{"type":"branch","line":187,"loc":{"start":{"line":187,"column":10},"end":{"line":187,"column":65}},"locations":[{"start":{"line":187,"column":10},"end":{"line":187,"column":65}}]},"50":{"type":"branch","line":188,"loc":{"start":{"line":188,"column":16},"end":{"line":189,"column":47}},"locations":[{"start":{"line":188,"column":16},"end":{"line":189,"column":47}}]},"51":{"type":"branch","line":199,"loc":{"start":{"line":199,"column":13},"end":{"line":199,"column":69}},"locations":[{"start":{"line":199,"column":13},"end":{"line":199,"column":69}}]}},"b":{"0":[20],"1":[0],"2":[1],"3":[19],"4":[86],"5":[0],"6":[20],"7":[1],"8":[53],"9":[33],"10":[28],"11":[5],"12":[3],"13":[30],"14":[25],"15":[2],"16":[2],"17":[31],"18":[2],"19":[1],"20":[0],"21":[28],"22":[23],"23":[23],"24":[28],"25":[23],"26":[18],"27":[22],"28":[17],"29":[6],"30":[0],"31":[62],"32":[2],"33":[1],"34":[1],"35":[4],"36":[5],"37":[2],"38":[1],"39":[3],"40":[7],"41":[2],"42":[1],"43":[2],"44":[8],"45":[6],"46":[5],"47":[5],"48":[10],"49":[6],"50":[4],"51":[8]},"fnMap":{"0":{"name":"getCsrfToken","decl":{"start":{"line":69,"column":0},"end":{"line":73,"column":1}},"loc":{"start":{"line":69,"column":0},"end":{"line":73,"column":1}},"line":69},"1":{"name":"api.interceptors.response.use.originalRequest","decl":{"start":{"line":94,"column":2},"end":{"line":94,"column":25}},"loc":{"start":{"line":94,"column":2},"end":{"line":94,"column":25}},"line":94},"2":{"name":"login","decl":{"start":{"line":141,"column":9},"end":{"line":141,"column":90}},"loc":{"start":{"line":141,"column":9},"end":{"line":141,"column":90}},"line":141},"3":{"name":"register","decl":{"start":{"line":142,"column":12},"end":{"line":142,"column":73}},"loc":{"start":{"line":142,"column":12},"end":{"line":142,"column":73}},"line":142},"4":{"name":"getProfile","decl":{"start":{"line":143,"column":14},"end":{"line":143,"column":41}},"loc":{"start":{"line":143,"column":14},"end":{"line":143,"column":41}},"line":143},"5":{"name":"getCustomerProfile","decl":{"start":{"line":144,"column":22},"end":{"line":144,"column":57}},"loc":{"start":{"line":144,"column":22},"end":{"line":144,"column":57}},"line":144},"6":{"name":"updateCustomerProfile","decl":{"start":{"line":145,"column":25},"end":{"line":145,"column":96}},"loc":{"start":{"line":145,"column":25},"end":{"line":145,"column":96}},"line":145},"7":{"name":"getCustomerDetail","decl":{"start":{"line":146,"column":21},"end":{"line":146,"column":87}},"loc":{"start":{"line":146,"column":21},"end":{"line":146,"column":87}},"line":146},"8":{"name":"updateCustomerDetail","decl":{"start":{"line":147,"column":24},"end":{"line":147,"column":128}},"loc":{"start":{"line":147,"column":24},"end":{"line":147,"column":128}},"line":147},"9":{"name":"listCustomers","decl":{"start":{"line":148,"column":17},"end":{"line":148,"column":88}},"loc":{"start":{"line":148,"column":17},"end":{"line":148,"column":88}},"line":148},"10":{"name":"getCustomerActivity","decl":{"start":{"line":149,"column":23},"end":{"line":149,"column":90}},"loc":{"start":{"line":149,"column":23},"end":{"line":149,"column":90}},"line":149},"11":{"name":"getCsrfToken","decl":{"start":{"line":150,"column":16},"end":{"line":150,"column":45}},"loc":{"start":{"line":150,"column":16},"end":{"line":150,"column":45}},"line":150},"12":{"name":"list","decl":{"start":{"line":155,"column":8},"end":{"line":155,"column":70}},"loc":{"start":{"line":155,"column":8},"end":{"line":155,"column":70}},"line":155},"13":{"name":"get","decl":{"start":{"line":156,"column":7},"end":{"line":156,"column":48}},"loc":{"start":{"line":156,"column":7},"end":{"line":156,"column":48}},"line":156},"14":{"name":"create","decl":{"start":{"line":157,"column":10},"end":{"line":157,"column":59}},"loc":{"start":{"line":157,"column":10},"end":{"line":157,"column":59}},"line":157},"15":{"name":"update","decl":{"start":{"line":158,"column":10},"end":{"line":158,"column":87}},"loc":{"start":{"line":158,"column":10},"end":{"line":158,"column":87}},"line":158},"16":{"name":"delete","decl":{"start":{"line":159,"column":10},"end":{"line":159,"column":54}},"loc":{"start":{"line":159,"column":10},"end":{"line":159,"column":54}},"line":159},"17":{"name":"downloadDecisionLetter","decl":{"start":{"line":160,"column":26},"end":{"line":161,"column":71}},"loc":{"start":{"line":160,"column":26},"end":{"line":161,"column":71}},"line":160},"18":{"name":"getDashboardStats","decl":{"start":{"line":162,"column":21},"end":{"line":162,"column":62}},"loc":{"start":{"line":162,"column":21},"end":{"line":162,"column":62}},"line":162},"19":{"name":"predict","decl":{"start":{"line":167,"column":11},"end":{"line":167,"column":66}},"loc":{"start":{"line":167,"column":11},"end":{"line":167,"column":66}},"line":167},"20":{"name":"getMetrics","decl":{"start":{"line":168,"column":14},"end":{"line":168,"column":58}},"loc":{"start":{"line":168,"column":14},"end":{"line":168,"column":58}},"line":168},"21":{"name":"trainModel","decl":{"start":{"line":169,"column":14},"end":{"line":169,"column":82}},"loc":{"start":{"line":169,"column":14},"end":{"line":169,"column":82}},"line":169},"22":{"name":"getModelCard","decl":{"start":{"line":170,"column":16},"end":{"line":170,"column":63}},"loc":{"start":{"line":170,"column":16},"end":{"line":170,"column":63}},"line":170},"23":{"name":"getDriftReports","decl":{"start":{"line":171,"column":19},"end":{"line":171,"column":119}},"loc":{"start":{"line":171,"column":19},"end":{"line":171,"column":119}},"line":171},"24":{"name":"list","decl":{"start":{"line":176,"column":8},"end":{"line":176,"column":71}},"loc":{"start":{"line":176,"column":8},"end":{"line":176,"column":71}},"line":176},"25":{"name":"generate","decl":{"start":{"line":177,"column":12},"end":{"line":177,"column":72}},"loc":{"start":{"line":177,"column":12},"end":{"line":177,"column":72}},"line":177},"26":{"name":"get","decl":{"start":{"line":178,"column":7},"end":{"line":178,"column":57}},"loc":{"start":{"line":178,"column":7},"end":{"line":178,"column":57}},"line":178},"27":{"name":"sendLatest","decl":{"start":{"line":179,"column":14},"end":{"line":179,"column":70}},"loc":{"start":{"line":179,"column":14},"end":{"line":179,"column":70}},"line":179},"28":{"name":"orchestrate","decl":{"start":{"line":184,"column":15},"end":{"line":184,"column":89}},"loc":{"start":{"line":184,"column":15},"end":{"line":184,"column":89}},"line":184},"29":{"name":"orchestrateAll","decl":{"start":{"line":185,"column":18},"end":{"line":185,"column":111}},"loc":{"start":{"line":185,"column":18},"end":{"line":185,"column":111}},"line":185},"30":{"name":"getRuns","decl":{"start":{"line":186,"column":11},"end":{"line":186,"column":79}},"loc":{"start":{"line":186,"column":11},"end":{"line":186,"column":79}},"line":186},"31":{"name":"getRun","decl":{"start":{"line":187,"column":10},"end":{"line":187,"column":65}},"loc":{"start":{"line":187,"column":10},"end":{"line":187,"column":65}},"line":187},"32":{"name":"submitReview","decl":{"start":{"line":188,"column":16},"end":{"line":189,"column":47}},"loc":{"start":{"line":188,"column":16},"end":{"line":189,"column":47}},"line":188},"33":{"name":"list","decl":{"start":{"line":194,"column":8},"end":{"line":194,"column":81}},"loc":{"start":{"line":194,"column":8},"end":{"line":194,"column":81}},"line":194},"34":{"name":"getStatus","decl":{"start":{"line":199,"column":13},"end":{"line":199,"column":69}},"loc":{"start":{"line":199,"column":13},"end":{"line":199,"column":69}},"line":199}},"f":{"0":20,"1":53,"2":1,"3":0,"4":4,"5":5,"6":2,"7":0,"8":0,"9":0,"10":0,"11":1,"12":3,"13":7,"14":2,"15":1,"16":2,"17":0,"18":0,"19":0,"20":8,"21":6,"22":0,"23":5,"24":0,"25":0,"26":5,"27":0,"28":0,"29":0,"30":10,"31":6,"32":4,"33":0,"34":8}}
,"C:\\Users\\Admin\\loan-approval-ai-system\\frontend\\src\\lib\\auth.ts": {"path":"C:\\Users\\Admin\\loan-approval-ai-system\\frontend\\src\\lib\\auth.ts","all":false,"statementMap":{"1":{"start":{"line":2,"column":0},"end":{"line":2,"column":49}},"12":{"start":{"line":13,"column":0},"end":{"line":13,"column":59}},"13":{"start":{"line":14,"column":0},"end":{"line":14,"column":13}},"14":{"start":{"line":15,"column":0},"end":{"line":15,"column":18}},"15":{"start":{"line":16,"column":0},"end":{"line":16,"column":24}},"16":{"start":{"line":17,"column":0},"end":{"line":17,"column":27}},"17":{"start":{"line":18,"column":0},"end":{"line":18,"column":19}},"18":{"start":{"line":19,"column":0},"end":{"line":19,"column":2}},"20":{"start":{"line":21,"column":0},"end":{"line":21,"column":52}}},"s":{"1":1,"12":1,"13":1,"14":1,"15":1,"16":1,"17":1,"18":1,"20":1},"branchMap":{"0":{"type":"branch","line":21,"loc":{"start":{"line":21,"column":23},"end":{"line":21,"column":52}},"locations":[{"start":{"line":21,"column":23},"end":{"line":21,"column":52}}]}},"b":{"0":[99]},"fnMap":{"0":{"name":"login","decl":{"start":{"line":16,"column":9},"end":{"line":16,"column":24}},"loc":{"start":{"line":16,"column":9},"end":{"line":16,"column":24}},"line":16},"1":{"name":"register","decl":{"start":{"line":17,"column":12},"end":{"line":17,"column":27}},"loc":{"start":{"line":17,"column":12},"end":{"line":17,"column":27}},"line":17},"2":{"name":"logout","decl":{"start":{"line":18,"column":10},"end":{"line":18,"column":19}},"loc":{"start":{"line":18,"column":10},"end":{"line":18,"column":19}},"line":18},"3":{"name":"useAuth","decl":{"start":{"line":21,"column":23},"end":{"line":21,"column":52}},"loc":{"start":{"line":21,"column":23},"end":{"line":21,"column":52}},"line":21}},"f":{"0":0,"1":0,"2":0,"3":99}}
,"C:\\Users\\Admin\\loan-approval-ai-system\\frontend\\src\\lib\\utils.ts": {"path":"C:\\Users\\Admin\\loan-approval-ai-system\\frontend\\src\\lib\\utils.ts","all":false,"statementMap":{"0":{"start":{"line":1,"column":0},"end":{"line":1,"column":44}},"1":{"start":{"line":2,"column":0},"end":{"line":2,"column":40}},"3":{"start":{"line":4,"column":0},"end":{"line":4,"column":45}},"4":{"start":{"line":5,"column":0},"end":{"line":5,"column":30}},"5":{"start":{"line":6,"column":0},"end":{"line":6,"column":1}},"7":{"start":{"line":8,"column":0},"end":{"line":8,"column":56}},"8":{"start":{"line":9,"column":0},"end":{"line":9,"column":94}},"9":{"start":{"line":10,"column":0},"end":{"line":10,"column":1}},"11":{"start":{"line":12,"column":0},"end":{"line":12,"column":54}},"12":{"start":{"line":13,"column":0},"end":{"line":13,"column":39}},"13":{"start":{"line":14,"column":0},"end":{"line":14,"column":1}},"15":{"start":{"line":16,"column":0},"end":{"line":16,"column":50}},"16":{"start":{"line":17,"column":0},"end":{"line":17,"column":104}},"17":{"start":{"line":18,"column":0},"end":{"line":18,"column":1}},"19":{"start":{"line":20,"column":0},"end":{"line":20,"column":56}},"20":{"start":{"line":21,"column":0},"end":{"line":21,"column":42}},"21":{"start":{"line":22,"column":0},"end":{"line":22,"column":45}},"22":{"start":{"line":23,"column":0},"end":{"line":23,"column":44}},"23":{"start":{"line":24,"column":0},"end":{"line":24,"column":44}},"24":{"start":{"line":25,"column":0},"end":{"line":25,"column":38}},"25":{"start":{"line":26,"column":0},"end":{"line":26,"column":42}},"26":{"start":{"line":27,"column":0},"end":{"line":27,"column":3}},"27":{"start":{"line":28,"column":0},"end":{"line":28,"column":54}},"28":{"start":{"line":29,"column":0},"end":{"line":29,"column":1}},"34":{"start":{"line":35,"column":0},"end":{"line":35,"column":124}},"35":{"start":{"line":36,"column":0},"end":{"line":36,"column":50}},"36":{"start":{"line":37,"column":0},"end":{"line":37,"column":31}},"37":{"start":{"line":38,"column":0},"end":{"line":38,"column":92}},"38":{"start":{"line":39,"column":0},"end":{"line":39,"column":84}},"39":{"start":{"line":40,"column":0},"end":{"line":40,"column":3}},"40":{"start":{"line":41,"column":0},"end":{"line":41,"column":36}},"41":{"start":{"line":42,"column":0},"end":{"line":42,"column":49}},"42":{"start":{"line":43,"column":0},"end":{"line":43,"column":1}}},"s":{"0":1,"1":1,"3":1,"4":6256,"5":6256,"7":1,"8":198,"9":198,"11":1,"12":79,"13":79,"15":1,"16":50,"17":50,"19":1,"20":34,"21":34,"22":34,"23":34,"24":34,"25":34,"26":34,"27":34,"28":34,"34":1,"35":30,"36":2,"37":2,"38":1,"39":2,"40":28,"41":28,"42":28},"branchMap":{"0":{"type":"branch","line":4,"loc":{"start":{"line":4,"column":7},"end":{"line":6,"column":1}},"locations":[{"start":{"line":4,"column":7},"end":{"line":6,"column":1}}]},"1":{"type":"branch","line":8,"loc":{"start":{"line":8,"column":7},"end":{"line":10,"column":1}},"locations":[{"start":{"line":8,"column":7},"end":{"line":10,"column":1}}]},"2":{"type":"branch","line":12,"loc":{"start":{"line":12,"column":7},"end":{"line":14,"column":1}},"locations":[{"start":{"line":12,"column":7},"end":{"line":14,"column":1}}]},"3":{"type":"branch","line":16,"loc":{"start":{"line":16,"column":7},"end":{"line":18,"column":1}},"locations":[{"start":{"line":16,"column":7},"end":{"line":18,"column":1}}]},"4":{"type":"branch","line":20,"loc":{"start":{"line":20,"column":7},"end":{"line":29,"column":1}},"locations":[{"start":{"line":20,"column":7},"end":{"line":29,"column":1}}]},"5":{"type":"branch","line":28,"loc":{"start":{"line":28,"column":22},"end":{"line":28,"column":54}},"locations":[{"start":{"line":28,"column":22},"end":{"line":28,"column":54}}]},"6":{"type":"branch","line":35,"loc":{"start":{"line":35,"column":7},"end":{"line":43,"column":1}},"locations":[{"start":{"line":35,"column":7},"end":{"line":43,"column":1}}]},"7":{"type":"branch","line":36,"loc":{"start":{"line":36,"column":17},"end":{"line":36,"column":49}},"locations":[{"start":{"line":36,"column":17},"end":{"line":36,"column":49}}]},"8":{"type":"branch","line":36,"loc":{"start":{"line":36,"column":29},"end":{"line":36,"column":49}},"locations":[{"start":{"line":36,"column":29},"end":{"line":36,"column":49}}]},"9":{"type":"branch","line":36,"loc":{"start":{"line":36,"column":49},"end":{"line":40,"column":3}},"locations":[{"start":{"line":36,"column":49},"end":{"line":40,"column":3}}]},"10":{"type":"branch","line":38,"loc":{"start":{"line":38,"column":26},"end":{"line":39,"column":84}},"locations":[{"start":{"line":38,"column":26},"end":{"line":39,"column":84}}]},"11":{"type":"branch","line":40,"loc":{"start":{"line":40,"column":2},"end":{"line":43,"column":1}},"locations":[{"start":{"line":40,"column":2},"end":{"line":43,"column":1}}]}},"b":{"0":[6256],"1":[198],"2":[79],"3":[50],"4":[34],"5":[1],"6":[30],"7":[4],"8":[2],"9":[2],"10":[1],"11":[28]},"fnMap":{"0":{"name":"cn","decl":{"start":{"line":4,"column":7},"end":{"line":6,"column":1}},"loc":{"start":{"line":4,"column":7},"end":{"line":6,"column":1}},"line":4},"1":{"name":"formatCurrency","decl":{"start":{"line":8,"column":7},"end":{"line":10,"column":1}},"loc":{"start":{"line":8,"column":7},"end":{"line":10,"column":1}},"line":8},"2":{"name":"formatPercent","decl":{"start":{"line":12,"column":7},"end":{"line":14,"column":1}},"loc":{"start":{"line":12,"column":7},"end":{"line":14,"column":1}},"line":12},"3":{"name":"formatDate","decl":{"start":{"line":16,"column":7},"end":{"line":18,"column":1}},"loc":{"start":{"line":16,"column":7},"end":{"line":18,"column":1}},"line":16},"4":{"name":"getStatusColor","decl":{"start":{"line":20,"column":7},"end":{"line":29,"column":1}},"loc":{"start":{"line":20,"column":7},"end":{"line":29,"column":1}},"line":20},"5":{"name":"getDisplayStatus","decl":{"start":{"line":35,"column":7},"end":{"line":43,"column":1}},"loc":{"start":{"line":35,"column":7},"end":{"line":43,"column":1}},"line":35}},"f":{"0":6256,"1":198,"2":79,"3":50,"4":34,"5":30}}
}
